[2019-01-04 10:58:53,291]- logger.py] - INFO: 开始测试评估价格接口：
[2019-01-04 10:58:53,338]- logger.py] - INFO: 评估价格返回的结果是：{'code': 200, 'msg': None, 'data': {'price': '2000'}}
[2019-01-04 10:58:53,338]- logger.py] - INFO: 评估价格接口测试结束
[2019-01-04 10:58:53,416]- logger.py] - INFO: 测试可用评估次数接口:
[2019-01-04 10:58:53,458]- logger.py] - INFO: 评估次数返回结果是：{'code': 200, 'msg': None, 'data': {'count': '0'}}
[2019-01-04 10:58:53,459]- logger.py] - INFO: 可用评估次数接口测试结束！
[2019-01-04 10:58:53,527]- logger.py] - INFO: 测试查看评估筛查报告列表接口：
[2019-01-04 10:58:53,577]- logger.py] - INFO: 评估筛查报告接口返回内容是：{'code': 200, 'msg': None, 'data': {'is_last_page': '1', 'time': '1546570531', 'content': [{'id': 'fTlZnmNvFD8dGoOH6exBtVXuM5jkIhq4', 'type': '2', 'type_name': '标准筛查', 'score': '62.87', 'gmt_create': '2018-11-09', 'local_id': '71458382500535133920181109140851', 'level': '5'}, {'id': '6wCbM7SpaWYsecAOvVluIiotQUGHq18K', 'type': '2', 'type_name': '标准筛查', 'score': '63.28', 'gmt_create': '2018-07-31', 'local_id': '71793985955839010620180731145724', 'level': '5'}]}}
[2019-01-04 10:58:53,606]- logger.py] - INFO: 查看评估筛查报告接口测试结束！
[2019-01-04 10:58:53,681]- logger.py] - INFO: 查看评估/筛查详情接口
[2019-01-04 10:58:53,733]- logger.py] - INFO: 查看报告详情返回：{'code': 200, 'msg': None, 'data': {'auid': 'fTlZnmNvFD8dGoOH6exBtVXuM5jkIhq4', 'arUIUID': 'hms7W3a1nG54IeBD6C9qtiuw82TjZVMQ', 'assessType': '2', 'arAssessStartTime': '1541743573', 'arAssessEndTime': '1541743728', 'arAssessDuration': '155', 'Remark': '标准筛查', 'CreateTime': '1541743732', 'ExistFlag': '1', 'arCityName': '', 'arDeviceType': '1', 'arAssessDataFileUrl': 'TestObjectFiles/assessDataFiles/74390307447607854620181109140851.assessDataFile', 'LocalID': '71458382500535133920181109140851', 'score': '62.87', 'gmt_create': '2018-11-09 14:08:52', 'gmt_modified': '2018-11-09 14:08:52', 'deviceserialnumber': '7-CABI00004', 'version': '', 'can_make': '0', 'first_Mean': '77.74', 'first_Variability': '1.66', 'first_MScore': '0.00', 'first_VScore': '0.00', 'second_5Max_1': '132.94', 'second_5Max_2': '123.67', 'second_5Max_3': '228.35', 'second_5Max_4': '145.18', 'second_5Max_5': '115.55', 'second_AMax': '149.14', 'second_5UpTime_1': '0.11', 'second_5UpTime_2': '0.17', 'second_5UpTime_3': '0.13', 'second_5UpTime_4': '0.12', 'second_5UpTime_5': '0.12', 'second_UpTime': '0.13', 'second_5DownTime_1': '0.34', 'second_5DownTime_2': '0.69', 'second_5DownTime_3': '0.70', 'second_5DownTime_4': '0.13', 'second_5DownTime_5': '0.26', 'second_DownTime': '0.42', 'second_MScore': '100.00', 'second_UpScore': '97.41', 'second_DownScore': '91.59', 'third_5Mean_1': '54.29', 'third_5Mean_2': '58.32', 'third_5Mean_3': '40.92', 'third_5Mean_4': '51.06', 'third_5Mean_5': '39.96', 'third_Mean': '48.91', 'third_Variability': '0.42', 'third_MScore': '82.97', 'third_VScore': '28.69', 'fourth_MeanB': '0.00', 'fourth_MeanE': '0.00', 'fourth_Ratio': '0.00', 'fourth_Mean': '0.00', 'fourth_Variability': '0.00', 'fourth_RScore': '0.00', 'fourth_MScore': '0.00', 'fourth_VScore': '0.00', 'fifth_Mean': '14.41', 'fifth_Variability': '0.11', 'fifth_MScore': '0.00', 'fifth_VScore': '93.11', 'third_5Max_1': '0.00', 'third_5Max_2': '0.00', 'third_5Max_3': '0.00', 'third_5Max_4': '0.00', 'third_5Max_5': '0.00', 'third_AMax': '0.00', 'third_AScore': '0.00', 'count_0': '103', 'count_1': '1003', 'count_2': '3901', 'count_3': '3501', 'count_4': '1002', 'count_5': '598'}}
[2019-01-04 10:58:53,734]- logger.py] - INFO: 查看评估/筛查详情接口结束！！
[2019-01-04 10:58:53,811]- logger.py] - INFO: 开始测试筛查价格接口！
[2019-01-04 10:58:53,872]- logger.py] - INFO: 筛查价格返回内容是：{'code': 200, 'msg': None, 'data': {'price': '0'}}
[2019-01-04 10:58:53,872]- logger.py] - INFO: 筛查价格接口测试结束!
[2019-01-04 10:58:54,114]- logger.py] - INFO: 开始测试正确账号正确密码登录.....
[2019-01-04 10:58:54,298]- logger.py] - INFO: 测试正确账号正确密码登录结束
[2019-01-04 10:58:54,300]- logger.py] - INFO: 开始测试正确账号错误密码登录.....
[2019-01-04 10:58:54,457]- logger.py] - INFO: 测试正确账号错误密码登录结束
[2019-01-04 10:58:54,460]- logger.py] - INFO: 开始测试错误账号正确密码登录.....
[2019-01-04 10:58:54,551]- logger.py] - INFO: 测试错误账号正确密码登录结束
[2019-01-04 10:58:54,725]- logger.py] - INFO: 测试加入圈子接口之数据正常
[2019-01-04 10:58:54,790]- logger.py] - INFO: 返回内容是：{'code': 200, 'note': '加入圈子成功.', 'data': []}
[2019-01-04 10:58:54,790]- logger.py] - INFO: 加入圈子接口之数据正常情况测试结束！

[2019-01-04 10:58:54,841]- logger.py] - INFO: 测试加入圈子接口之group-id为空
[2019-01-04 10:58:54,888]- logger.py] - INFO: 返回状态码：200
[2019-01-04 10:58:54,888]- logger.py] - INFO: 加入圈子接口之group-id情况为空测试结束！

[2019-01-04 10:58:54,955]- logger.py] - INFO: 测试加入圈子接口之group-id不存在
[2019-01-04 10:58:55,011]- logger.py] - INFO: 返回内容是：{'code': 200, 'note': '加入圈子成功.', 'data': []}
[2019-01-04 10:58:55,012]- logger.py] - INFO: 加入圈子接口之group-id不存在情况测试结束！
[2019-01-04 10:58:55,089]- logger.py] - INFO: 开始测试收藏动态接口！
[2019-01-04 10:58:55,158]- logger.py] - INFO: 返回的内容是：{'code': 200, 'note': '收藏成功.', 'data': []}
[2019-01-04 10:58:55,203]- logger.py] - INFO: 返回的内容是：{'code': 200, 'note': '收藏成功.', 'data': []}
[2019-01-04 10:58:55,246]- logger.py] - INFO: 返回的内容是：{'code': 200, 'note': '收藏成功.', 'data': []}
[2019-01-04 10:58:55,294]- logger.py] - INFO: 返回的内容是：{'code': 200, 'note': '收藏成功.', 'data': []}
[2019-01-04 10:58:55,333]- logger.py] - INFO: 返回的内容是：{'code': 200, 'note': '收藏成功.', 'data': []}
[2019-01-04 10:58:55,389]- logger.py] - INFO: 返回的内容是：{'code': 200, 'note': '收藏成功.', 'data': []}
[2019-01-04 10:58:55,432]- logger.py] - INFO: 返回的内容是：{'code': 200, 'note': '收藏成功.', 'data': []}
[2019-01-04 10:58:55,481]- logger.py] - INFO: 返回的内容是：{'code': 200, 'note': '收藏成功.', 'data': []}
[2019-01-04 10:58:55,482]- logger.py] - INFO: 收藏动态接口测试结束！

[2019-01-04 10:58:55,566]- logger.py] - INFO: 开始测试取消收藏动态接口！
[2019-01-04 10:58:55,624]- logger.py] - INFO: 取消收藏返回的内容是：{'code': 200, 'note': '取消收藏成功.', 'data': []}
[2019-01-04 10:58:55,662]- logger.py] - INFO: 取消收藏返回的内容是：{'code': 200, 'note': '取消收藏成功.', 'data': []}
[2019-01-04 10:58:55,707]- logger.py] - INFO: 取消收藏返回的内容是：{'code': 200, 'note': '取消收藏成功.', 'data': []}
[2019-01-04 10:58:55,747]- logger.py] - INFO: 取消收藏返回的内容是：{'code': 200, 'note': '取消收藏成功.', 'data': []}
[2019-01-04 10:58:55,787]- logger.py] - INFO: 取消收藏返回的内容是：{'code': 200, 'note': '取消收藏成功.', 'data': []}
[2019-01-04 10:58:55,830]- logger.py] - INFO: 取消收藏返回的内容是：{'code': 200, 'note': '取消收藏成功.', 'data': []}
[2019-01-04 10:58:55,870]- logger.py] - INFO: 取消收藏返回的内容是：{'code': 200, 'note': '取消收藏成功.', 'data': []}
[2019-01-04 10:58:55,912]- logger.py] - INFO: 取消收藏返回的内容是：{'code': 200, 'note': '取消收藏成功.', 'data': []}
[2019-01-04 10:58:55,913]- logger.py] - INFO: 取消收藏动态接口测试结束！

[2019-01-04 10:58:55,990]- logger.py] - INFO: 开始测试评论渟说接口-评论内容正常
[2019-01-04 10:58:56,051]- logger.py] - INFO: 评论feed返回的内容是：{'code': 200, 'note': '评论成功.', 'data': []}
[2019-01-04 10:58:56,052]- logger.py] - INFO: 评论渟说接口测试结束

[2019-01-04 10:58:56,133]- logger.py] - INFO: 开始测试评论渟说接口-评论内容为空
[2019-01-04 10:58:56,182]- logger.py] - INFO: 评论为空feed返回的内容是：{'code': 200, 'note': 'text 的长度要求为 1 - 800.', 'data': []}
[2019-01-04 10:58:56,182]- logger.py] - INFO: 评论渟说-评论内容为空测试结束

[2019-01-04 10:58:56,261]- logger.py] - INFO: 开始测试删除评论接口
[2019-01-04 10:58:56,357]- logger.py] - INFO: 删除评论feed返回的内容是：{'code': 200, 'note': '删除评论成功.', 'data': []}
[2019-01-04 10:58:56,358]- logger.py] - INFO: 删除评论接口测试结束

[2019-01-04 10:58:56,426]- logger.py] - INFO: 开始测试关注用户接口
[2019-01-04 10:58:56,545]- logger.py] - INFO: 取消关注U00302返回的内容是：{'code': 200, 'note': '取消关注成功.', 'data': []}
[2019-01-04 10:58:56,546]- logger.py] - INFO: 关注用户接口测试结束

[2019-01-04 10:58:56,607]- logger.py] - INFO: 测试圈子内容接口-参数正确
[2019-01-04 10:58:56,695]- logger.py] - INFO: 返回内容是：{'code': 200, 'note': '请求成功', 'data': {'is_last_page': '1', 'time': '0', 'content': [{'id': 'F00506', 'type': '0', 'text': '还好还好哈', 'pic': [], 'video': {}, 'title': '', 'cover': 'http://rightinhome.oss-cn-hangzhou.aliyuncs.com/', 'introduction': '', 'is_recommend': '0', 'collect_total': '0', 'comment_total': '0', 'like_total': '1', 'gmt_create': '01-02 20:18', 'is_collect': '0', 'is_like': '0', 'groups': [{'group_id': 'G00001', 'title': '研发test-澜渟'}], 'user': {'user_id': 'U00553', 'nickname': '19100001400', 'avatar': 'http://rightinhome.oss-cn-hangzhou.aliyuncs.com/TestObjectFiles/headimages/sNZrEa7g1WOl3noX64MYtKFHx0emPhAj/12242116855017120720181227131403.jpeg', 'is_follow': '0'}, 'link': 'https://h5.sunnycare.cc/feed/F00506'}, {'id': 'P00077', 'type': '3', 'text': '', 'pic': [], 'video': {}, 'title': 'Hello23333', 'cover': 'http://rightinhome.oss-cn-hangzhou.aliyuncs.com/uploads/2018/11/29/556643fafcc0ebbc98acd0b2e0a4949a.jpg', 'introduction': 'We’re', 'is_recommend': '0', 'collect_total': '0', 'comment_total': '2', 'like_total': '1', 'gmt_create': '2018-12-06', 'is_collect': '0', 'is_like': '0', 'groups': [{'group_id': 'G00001', 'title': '研发test-澜渟'}], 'user': {'user_id': 'U00016', 'nickname': 'laysuns', 'avatar': 'http://rightinhome.oss-cn-hangzhou.aliyuncs.com/TestObjectFiles/headimages/15346057103708072720180601145534.png', 'is_follow': '0'}, 'link': 'https://h5.sunnycare.cc/feed/P00077'}, {'id': 'F00388', 'type': '0', 'text': '普及我OK土屋子冷', 'pic': [], 'video': {}, 'title': '', 'cover': 'http://rightinhome.oss-cn-hangzhou.aliyuncs.com/', 'introduction': '', 'is_recommend': '0', 'collect_total': '0', 'comment_total': '0', 'like_total': '0', 'gmt_create': '2018-12-06', 'is_collect': '0', 'is_like': '0', 'groups': [{'group_id': 'G00001', 'title': '研发test-澜渟'}, {'group_id': 'G00016', 'title': '研发test-澜渟医生'}], 'user': {'user_id': 'U00401', 'nickname': 'LT1812066e9iztVW', 'avatar': 'http://rightinhome.oss-cn-hangzhou.aliyuncs.com//sns/avatar.png', 'is_follow': '0'}, 'link': 'https://h5.sunnycare.cc/feed/F00388'}, {'id': 'F00061', 'type': '0', 'text': '渟说', 'pic': [], 'video': {}, 'title': '', 'cover': 'http://rightinhome.oss-cn-hangzhou.aliyuncs.com/', 'introduction': '', 'is_recommend': '0', 'collect_total': '1', 'comment_total': '1', 'like_total': '1', 'gmt_create': '2018-11-21', 'is_collect': '0', 'is_like': '0', 'groups': [{'group_id': 'G00001', 'title': '研发test-澜渟'}], 'user': {'user_id': 'U00319', 'nickname': 'LT181109Cp2G0XMv', 'avatar': 'http://rightinhome.oss-cn-hangzhou.aliyuncs.com//sns/avatar.png', 'is_follow': '1'}, 'link': 'https://h5.sunnycare.cc/feed/F00061'}]}}
[2019-01-04 10:58:56,697]- logger.py] - INFO: 测试圈子内容接口-参数正确情况测试结束

[2019-01-04 10:58:56,766]- logger.py] - INFO: 测试圈子内容接口-无token
[2019-01-04 10:58:56,851]- logger.py] - INFO: 返回内容是：{'code': 200, 'note': '请求成功', 'data': {'is_last_page': '1', 'time': '0', 'content': [{'id': 'F00506', 'type': '0', 'text': '还好还好哈', 'pic': [], 'video': {}, 'title': '', 'cover': 'http://rightinhome.oss-cn-hangzhou.aliyuncs.com/', 'introduction': '', 'is_recommend': '0', 'collect_total': '0', 'comment_total': '0', 'like_total': '1', 'gmt_create': '01-02 20:18', 'is_collect': '0', 'is_like': '0', 'groups': [{'group_id': 'G00001', 'title': '研发test-澜渟'}], 'user': {'user_id': 'U00553', 'nickname': '19100001400', 'avatar': 'http://rightinhome.oss-cn-hangzhou.aliyuncs.com/TestObjectFiles/headimages/sNZrEa7g1WOl3noX64MYtKFHx0emPhAj/12242116855017120720181227131403.jpeg', 'is_follow': '0'}, 'link': 'https://h5.sunnycare.cc/feed/F00506'}, {'id': 'P00077', 'type': '3', 'text': '', 'pic': [], 'video': {}, 'title': 'Hello23333', 'cover': 'http://rightinhome.oss-cn-hangzhou.aliyuncs.com/uploads/2018/11/29/556643fafcc0ebbc98acd0b2e0a4949a.jpg', 'introduction': 'We’re', 'is_recommend': '0', 'collect_total': '0', 'comment_total': '2', 'like_total': '1', 'gmt_create': '2018-12-06', 'is_collect': '0', 'is_like': '0', 'groups': [{'group_id': 'G00001', 'title': '研发test-澜渟'}], 'user': {'user_id': 'U00016', 'nickname': 'laysuns', 'avatar': 'http://rightinhome.oss-cn-hangzhou.aliyuncs.com/TestObjectFiles/headimages/15346057103708072720180601145534.png', 'is_follow': '0'}, 'link': 'https://h5.sunnycare.cc/feed/P00077'}, {'id': 'F00388', 'type': '0', 'text': '普及我OK土屋子冷', 'pic': [], 'video': {}, 'title': '', 'cover': 'http://rightinhome.oss-cn-hangzhou.aliyuncs.com/', 'introduction': '', 'is_recommend': '0', 'collect_total': '0', 'comment_total': '0', 'like_total': '0', 'gmt_create': '2018-12-06', 'is_collect': '0', 'is_like': '0', 'groups': [{'group_id': 'G00001', 'title': '研发test-澜渟'}, {'group_id': 'G00016', 'title': '研发test-澜渟医生'}], 'user': {'user_id': 'U00401', 'nickname': 'LT1812066e9iztVW', 'avatar': 'http://rightinhome.oss-cn-hangzhou.aliyuncs.com//sns/avatar.png', 'is_follow': '0'}, 'link': 'https://h5.sunnycare.cc/feed/F00388'}, {'id': 'F00061', 'type': '0', 'text': '渟说', 'pic': [], 'video': {}, 'title': '', 'cover': 'http://rightinhome.oss-cn-hangzhou.aliyuncs.com/', 'introduction': '', 'is_recommend': '0', 'collect_total': '1', 'comment_total': '1', 'like_total': '1', 'gmt_create': '2018-11-21', 'is_collect': '0', 'is_like': '0', 'groups': [{'group_id': 'G00001', 'title': '研发test-澜渟'}], 'user': {'user_id': 'U00319', 'nickname': 'LT181109Cp2G0XMv', 'avatar': 'http://rightinhome.oss-cn-hangzhou.aliyuncs.com//sns/avatar.png', 'is_follow': '0'}, 'link': 'https://h5.sunnycare.cc/feed/F00061'}]}}
[2019-01-04 10:58:56,852]- logger.py] - INFO: 测试圈子内容接口-无token情况测试结束

[2019-01-04 10:58:56,921]- logger.py] - INFO: 测试圈子内容接口-page为空
[2019-01-04 10:58:57,010]- logger.py] - INFO: 返回内容是：{'code': 200, 'note': '请求成功', 'data': {'is_last_page': '0', 'time': '0', 'content': [{'id': 'F00506', 'type': '0', 'text': '还好还好哈', 'pic': [], 'video': {}, 'title': '', 'cover': 'http://rightinhome.oss-cn-hangzhou.aliyuncs.com/', 'introduction': '', 'is_recommend': '0', 'collect_total': '0', 'comment_total': '0', 'like_total': '1', 'gmt_create': '01-02 20:18', 'is_collect': '0', 'is_like': '0', 'groups': [{'group_id': 'G00001', 'title': '研发test-澜渟'}], 'user': {'user_id': 'U00553', 'nickname': '19100001400', 'avatar': 'http://rightinhome.oss-cn-hangzhou.aliyuncs.com/TestObjectFiles/headimages/sNZrEa7g1WOl3noX64MYtKFHx0emPhAj/12242116855017120720181227131403.jpeg', 'is_follow': '0'}, 'link': 'https://h5.sunnycare.cc/feed/F00506'}, {'id': 'P00077', 'type': '3', 'text': '', 'pic': [], 'video': {}, 'title': 'Hello23333', 'cover': 'http://rightinhome.oss-cn-hangzhou.aliyuncs.com/uploads/2018/11/29/556643fafcc0ebbc98acd0b2e0a4949a.jpg', 'introduction': 'We’re', 'is_recommend': '0', 'collect_total': '0', 'comment_total': '2', 'like_total': '1', 'gmt_create': '2018-12-06', 'is_collect': '0', 'is_like': '0', 'groups': [{'group_id': 'G00001', 'title': '研发test-澜渟'}], 'user': {'user_id': 'U00016', 'nickname': 'laysuns', 'avatar': 'http://rightinhome.oss-cn-hangzhou.aliyuncs.com/TestObjectFiles/headimages/15346057103708072720180601145534.png', 'is_follow': '0'}, 'link': 'https://h5.sunnycare.cc/feed/P00077'}, {'id': 'F00388', 'type': '0', 'text': '普及我OK土屋子冷', 'pic': [], 'video': {}, 'title': '', 'cover': 'http://rightinhome.oss-cn-hangzhou.aliyuncs.com/', 'introduction': '', 'is_recommend': '0', 'collect_total': '0', 'comment_total': '0', 'like_total': '0', 'gmt_create': '2018-12-06', 'is_collect': '0', 'is_like': '0', 'groups': [{'group_id': 'G00001', 'title': '研发test-澜渟'}, {'group_id': 'G00016', 'title': '研发test-澜渟医生'}], 'user': {'user_id': 'U00401', 'nickname': 'LT1812066e9iztVW', 'avatar': 'http://rightinhome.oss-cn-hangzhou.aliyuncs.com//sns/avatar.png', 'is_follow': '0'}, 'link': 'https://h5.sunnycare.cc/feed/F00388'}, {'id': 'F00061', 'type': '0', 'text': '渟说', 'pic': [], 'video': {}, 'title': '', 'cover': 'http://rightinhome.oss-cn-hangzhou.aliyuncs.com/', 'introduction': '', 'is_recommend': '0', 'collect_total': '1', 'comment_total': '1', 'like_total': '1', 'gmt_create': '2018-11-21', 'is_collect': '0', 'is_like': '0', 'groups': [{'group_id': 'G00001', 'title': '研发test-澜渟'}], 'user': {'user_id': 'U00319', 'nickname': 'LT181109Cp2G0XMv', 'avatar': 'http://rightinhome.oss-cn-hangzhou.aliyuncs.com//sns/avatar.png', 'is_follow': '1'}, 'link': 'https://h5.sunnycare.cc/feed/F00061'}]}}
[2019-01-04 10:58:57,011]- logger.py] - INFO: 测试圈子内容接口-page为空情况测试结束

[2019-01-04 10:58:57,086]- logger.py] - INFO: 测试圈子内容接口-page页码不存在
[2019-01-04 10:58:57,147]- logger.py] - INFO: 返回内容是：{'code': 200, 'note': '请求成功', 'data': {'is_last_page': '1', 'time': '0', 'content': []}}
[2019-01-04 10:58:57,148]- logger.py] - INFO: 测试圈子内容接口-page页码不存在情况测试结束

[2019-01-04 10:58:57,214]- logger.py] - INFO: 测试圈子内容接口-圈子id不存在
[2019-01-04 10:58:57,273]- logger.py] - INFO: 返回内容是：{'code': 200, 'note': '请求成功', 'data': {'is_last_page': '1', 'time': '0', 'content': []}}
[2019-01-04 10:58:57,274]- logger.py] - INFO: 测试圈子内容接口-圈子id不存在情况测试结束

[2019-01-04 10:58:57,332]- logger.py] - INFO: 测试圈子内容接口-圈子id为空
[2019-01-04 10:58:57,390]- logger.py] - INFO: 返回状态码是：200
[2019-01-04 10:58:57,391]- logger.py] - INFO: 测试圈子内容接口-圈子id为空情况测试结束

[2019-01-04 10:58:57,454]- logger.py] - INFO: 圈子详情接口-参数正确
[2019-01-04 10:58:57,511]- logger.py] - INFO: 返回的内容是：{'code': 200, 'note': '请求成功', 'data': {'group_id': 'G00001', 'cover': 'http://rightinhome.oss-cn-hangzhou.aliyuncs.com/uploads/2018/11/20/1970f9792a9630d53ea21b2196df1b9c.jpg', 'title': '研发test-澜渟', 'introduction': '研发test-澜渟', 'follow_total': '12', 'feed_total': '4', 'gmt_create': '2018-11-20 09:38:29', 'is_follow': '1', 'link': 'https://h5.sunnycare.cc/group/G00001'}}
[2019-01-04 10:58:57,513]- logger.py] - INFO: 圈子详情接口-参数正确情况测试结束！

[2019-01-04 10:58:57,578]- logger.py] - INFO: 圈子详情接口-无token
[2019-01-04 10:58:57,635]- logger.py] - INFO: 返回的内容是：{'code': 200, 'note': '请求成功', 'data': {'group_id': 'G00001', 'cover': 'http://rightinhome.oss-cn-hangzhou.aliyuncs.com/uploads/2018/11/20/1970f9792a9630d53ea21b2196df1b9c.jpg', 'title': '研发test-澜渟', 'introduction': '研发test-澜渟', 'follow_total': '12', 'feed_total': '4', 'gmt_create': '2018-11-20 09:38:29', 'is_follow': '0', 'link': 'https://h5.sunnycare.cc/group/G00001'}}
[2019-01-04 10:58:57,636]- logger.py] - INFO: 圈子详情接口-无token情况测试结束！

[2019-01-04 10:58:57,694]- logger.py] - INFO: 开始测试按分页获取圈子的列表记录接口
[2019-01-04 10:58:57,749]- logger.py] - INFO: 返回的内容是：{'code': 200, 'note': '请求成功', 'data': {'is_last_page': '1', 'content': [{'group_id': 'G00043', 'cover': 'http://rightinhome.oss-cn-hangzhou.aliyuncs.com/uploads/2018/12/07/1a8ea7b2e51ab6572bba2be15bc685d3.jpg', 'title': '报告解读-测试（勿改）', 'follow_total': '27', 'feed_total': '29', 'is_follow': '0'}, {'group_id': 'G00018', 'cover': 'http://rightinhome.oss-cn-hangzhou.aliyuncs.com/uploads/2018/11/20/68bbf42556e66e917293c01b2d1b4b8e.jpg', 'title': '澜渟医生-test1', 'follow_total': '20', 'feed_total': '41', 'is_follow': '1'}, {'group_id': 'G00017', 'cover': 'http://rightinhome.oss-cn-hangzhou.aliyuncs.com/uploads/2018/11/20/10fb3ddb1139ec3a8a66a49273f9f988.jpg', 'title': '研发test-全平台', 'follow_total': '15', 'feed_total': '30', 'is_follow': '0'}, {'group_id': 'G00016', 'cover': 'http://rightinhome.oss-cn-hangzhou.aliyuncs.com/uploads/2018/11/20/e1158016d43788daf8b0706a00d8f2d0.png', 'title': '研发test-澜渟医生', 'follow_total': '15', 'feed_total': '7', 'is_follow': '0'}, {'group_id': 'G00001', 'cover': 'http://rightinhome.oss-cn-hangzhou.aliyuncs.com/uploads/2018/11/20/1970f9792a9630d53ea21b2196df1b9c.jpg', 'title': '研发test-澜渟', 'follow_total': '12', 'feed_total': '4', 'is_follow': '1'}]}}
[2019-01-04 10:58:57,751]- logger.py] - INFO: 圈子列表接口测试结束！
[2019-01-04 10:58:57,809]- logger.py] - INFO: 开始测试按分页获取圈子的列表记录接口2
[2019-01-04 10:58:57,869]- logger.py] - INFO: 返回的内容是：{'code': 200, 'note': '请求成功', 'data': {'is_last_page': '1', 'content': []}}
[2019-01-04 10:58:57,870]- logger.py] - INFO: 圈子列表接口3测试结束！
[2019-01-04 10:58:57,932]- logger.py] - INFO: 开始测试按分页获取圈子的列表记录接口3
[2019-01-04 10:58:57,985]- logger.py] - INFO: 返回的内容是：{'code': 200, 'note': '请求成功', 'data': {'is_last_page': '0', 'content': [{'group_id': 'G00043', 'cover': 'http://rightinhome.oss-cn-hangzhou.aliyuncs.com/uploads/2018/12/07/1a8ea7b2e51ab6572bba2be15bc685d3.jpg', 'title': '报告解读-测试（勿改）', 'follow_total': '27', 'feed_total': '29', 'is_follow': '0'}, {'group_id': 'G00018', 'cover': 'http://rightinhome.oss-cn-hangzhou.aliyuncs.com/uploads/2018/11/20/68bbf42556e66e917293c01b2d1b4b8e.jpg', 'title': '澜渟医生-test1', 'follow_total': '20', 'feed_total': '41', 'is_follow': '1'}, {'group_id': 'G00017', 'cover': 'http://rightinhome.oss-cn-hangzhou.aliyuncs.com/uploads/2018/11/20/10fb3ddb1139ec3a8a66a49273f9f988.jpg', 'title': '研发test-全平台', 'follow_total': '15', 'feed_total': '30', 'is_follow': '0'}, {'group_id': 'G00016', 'cover': 'http://rightinhome.oss-cn-hangzhou.aliyuncs.com/uploads/2018/11/20/e1158016d43788daf8b0706a00d8f2d0.png', 'title': '研发test-澜渟医生', 'follow_total': '15', 'feed_total': '7', 'is_follow': '0'}, {'group_id': 'G00001', 'cover': 'http://rightinhome.oss-cn-hangzhou.aliyuncs.com/uploads/2018/11/20/1970f9792a9630d53ea21b2196df1b9c.jpg', 'title': '研发test-澜渟', 'follow_total': '12', 'feed_total': '4', 'is_follow': '1'}]}}
[2019-01-04 10:58:57,986]- logger.py] - INFO: 圈子列表接口3测试结束！
[2019-01-04 10:58:58,065]- logger.py] - INFO: 开始测试点赞接口
[2019-01-04 10:58:58,197]- logger.py] - INFO: 点赞返回的内容是：{'code': 200, 'note': '点赞成功.', 'data': []}
[2019-01-04 10:58:58,198]- logger.py] - INFO: 点赞接口测试结束！

[2019-01-04 10:58:58,280]- logger.py] - INFO: 开始测试取消点赞接口
[2019-01-04 10:58:58,395]- logger.py] - INFO: 取消点赞返回的内容是：{'code': 200, 'note': '取消点赞成功.', 'data': []}
[2019-01-04 10:58:58,396]- logger.py] - INFO: 取消点赞接口测试结束！

[2019-01-04 10:58:58,457]- logger.py] - INFO: 退出圈子接口-参数正确
[2019-01-04 10:58:58,514]- logger.py] - INFO: 返回内容是:{'code': 200, 'note': '退出圈子成功.', 'data': []}
[2019-01-04 10:58:58,514]- logger.py] - INFO: 退出圈子接口-参数正确情况测试结束

[2019-01-04 10:58:58,575]- logger.py] - INFO: 退出圈子接口-roupid不存在
[2019-01-04 10:58:58,626]- logger.py] - INFO: 返回内容是:{'code': 200, 'note': '退出圈子成功.', 'data': []}
[2019-01-04 10:58:58,627]- logger.py] - INFO: 退出圈子接口-roupid不存在情况测试结束

[2019-01-04 10:58:58,687]- logger.py] - INFO: 测试发布文章接口-纯文字
[2019-01-04 10:58:58,761]- logger.py] - INFO: 返回的内容是是：{'code': 200, 'note': '文章发布成功.', 'data': {'post_id': 'P00150'}}
[2019-01-04 10:58:58,761]- logger.py] - INFO: 测试发布文章接口-纯文字情况测试结束

[2019-01-04 10:58:58,817]- logger.py] - INFO: 测试发布文章接口-纯图片
[2019-01-04 10:58:58,884]- logger.py] - INFO: 返回的内容是是：{'code': 200, 'note': '文章发布成功.', 'data': {'post_id': 'P00151'}}
[2019-01-04 10:58:58,884]- logger.py] - INFO: 测试发布文章接口-纯文字情况测试结束

[2019-01-04 10:58:58,939]- logger.py] - INFO: 测试发布文章接口-文字+图片
[2019-01-04 10:58:59,011]- logger.py] - INFO: 返回的内容是是：{'code': 200, 'note': '文章发布成功.', 'data': {'post_id': 'P00152'}}
[2019-01-04 10:58:59,011]- logger.py] - INFO: 测试发布文章接口-文字+图片情况测试结束

[2019-01-04 10:58:59,062]- logger.py] - INFO: 测试发布图片接口到圈子
[2019-01-04 10:58:59,127]- logger.py] - INFO: 返回的内容是：{'code': 200, 'note': '动态发布成功.', 'data': []}
[2019-01-04 10:58:59,127]- logger.py] - INFO: 测试发布图片接口到圈子结束！

[2019-01-04 10:58:59,178]- logger.py] - INFO: 测试发布图片接口到大于3个圈子
[2019-01-04 10:58:59,221]- logger.py] - INFO: 返回的内容是：{'code': 501, 'note': '最多只能分享到 3 个圈子.', 'data': {}}
[2019-01-04 10:58:59,222]- logger.py] - INFO: 测试发布图片接口到大于3个圈子结束！

[2019-01-04 10:58:59,277]- logger.py] - INFO: 测试发布发布多张图片到圈子
[2019-01-04 10:58:59,349]- logger.py] - INFO: 返回的内容是：{'code': 200, 'note': '动态发布成功.', 'data': []}
[2019-01-04 10:58:59,350]- logger.py] - INFO: 测试发布多张图片到圈子结束！

[2019-01-04 10:58:59,412]- logger.py] - INFO: 测试发布文字接口-不发布到圈子
[2019-01-04 10:58:59,480]- logger.py] - INFO: 返回的内容是是：{'code': 200, 'note': '动态发布成功.', 'data': []}
[2019-01-04 10:58:59,481]- logger.py] - INFO: 测试发布文字接口-不发布到圈子情况测试结束

[2019-01-04 10:58:59,540]- logger.py] - INFO: 测试发布文字到圈子-参数正常
[2019-01-04 10:58:59,625]- logger.py] - INFO: 返回的内容是是：{'code': 200, 'note': '动态发布成功.', 'data': []}
[2019-01-04 10:58:59,626]- logger.py] - INFO: 测试发布文字到圈子-参数正常情况测试结束

[2019-01-04 10:58:59,685]- logger.py] - INFO: 测试发布文字到大于3个圈子-参数正常
[2019-01-04 10:58:59,737]- logger.py] - INFO: 返回的内容是是：{'code': 501, 'note': '最多只能分享到 3 个圈子.', 'data': {}}
[2019-01-04 10:58:59,738]- logger.py] - INFO: 测试发布文字到大于3个圈子-参数正常情况测试结束

[2019-01-04 10:58:59,812]- logger.py] - INFO: 测试推荐内容接口-参数正常
[2019-01-04 10:58:59,884]- logger.py] - INFO: 返回的内容是：{'code': 200, 'note': '请求成功', 'data': {'is_last_page': '1', 'content': [{'id': 'F00001', 'type': '1', 'text': '【感恩有你 一路同行】\r\n\r\n\r\n澜渟感恩有你，伴我们一路同行。\r\n\r\n\r\n圣诞节期间   澜渟免费送您礼物\r\n活动时间：2018年12月20日-12月30日\r\n奖项设置：\r\n一等奖(3名）：价值680元的家用盆底康复器一套\r\n二等奖（5名）：价值168元的定制U型枕一个\r\n三等奖（10 名）：价值100元的定制毛巾+定制钥匙扣一套\r\n参与方式：\r\n我和澜渟的故事，发布到朋友圈，截图到渟说并@澜渟平台官方活动\r\n温馨提示：\r\n1.本次活动奖品发放根据排名高低进行发放，活动结束后7个工作日内中奖结果公布在澜渟平台中。\r\n2.活动结束后15个工作日寄出奖品，请中奖者注意查收。\r\n3.本活动最终官方联系电话13905152256（微信同号），如有疑问可在工作时间内加微信或拨打电话咨询。\r\n注：本活动最终解释权归南京麦豆健康管理有限公司所有。', 'pic': [{'path': 'http://rightinhome.oss-cn-hangzhou.aliyuncs.com/TestObjectFiles/SlDzGVT7f2HbCXkBxahjPRLAqO9twrIM/23279697479971194120181218111733.jpg', 'width': '1080', 'height': '1920'}, {'path': 'http://rightinhome.oss-cn-hangzhou.aliyuncs.com/TestObjectFiles/SlDzGVT7f2HbCXkBxahjPRLAqO9twrIM/41936048344770544020181218111733.png', 'width': '144', 'height': '144'}], 'video': {}, 'title': '', 'cover': 'http://rightinhome.oss-cn-hangzhou.aliyuncs.com/', 'introduction': '', 'is_recommend': '1', 'collect_total': '5', 'comment_total': '85', 'like_total': '9', 'gmt_create': '2018-11-20', 'is_collect': '0', 'is_like': '0', 'groups': [], 'user': {'user_id': 'U00003', 'nickname': '医生1130', 'avatar': 'http://rightinhome.oss-cn-hangzhou.aliyuncs.com//sns/avatar.png', 'is_follow': 1}, 'link': 'https://h5.sunnycare.cc/feed/F00001'}]}}
[2019-01-04 10:58:59,933]- logger.py] - INFO: 测试推荐内容接口-参数正常情况测试结束！

[2019-01-04 10:58:59,992]- logger.py] - INFO: 测试推荐内容接口-无token
[2019-01-04 10:59:00,056]- logger.py] - INFO: 返回的内容是：{'code': 200, 'note': '请求成功', 'data': {'is_last_page': '1', 'content': [{'id': 'F00001', 'type': '1', 'text': '【感恩有你 一路同行】\r\n\r\n\r\n澜渟感恩有你，伴我们一路同行。\r\n\r\n\r\n圣诞节期间   澜渟免费送您礼物\r\n活动时间：2018年12月20日-12月30日\r\n奖项设置：\r\n一等奖(3名）：价值680元的家用盆底康复器一套\r\n二等奖（5名）：价值168元的定制U型枕一个\r\n三等奖（10 名）：价值100元的定制毛巾+定制钥匙扣一套\r\n参与方式：\r\n我和澜渟的故事，发布到朋友圈，截图到渟说并@澜渟平台官方活动\r\n温馨提示：\r\n1.本次活动奖品发放根据排名高低进行发放，活动结束后7个工作日内中奖结果公布在澜渟平台中。\r\n2.活动结束后15个工作日寄出奖品，请中奖者注意查收。\r\n3.本活动最终官方联系电话13905152256（微信同号），如有疑问可在工作时间内加微信或拨打电话咨询。\r\n注：本活动最终解释权归南京麦豆健康管理有限公司所有。', 'pic': [{'path': 'http://rightinhome.oss-cn-hangzhou.aliyuncs.com/TestObjectFiles/SlDzGVT7f2HbCXkBxahjPRLAqO9twrIM/23279697479971194120181218111733.jpg', 'width': '1080', 'height': '1920'}, {'path': 'http://rightinhome.oss-cn-hangzhou.aliyuncs.com/TestObjectFiles/SlDzGVT7f2HbCXkBxahjPRLAqO9twrIM/41936048344770544020181218111733.png', 'width': '144', 'height': '144'}], 'video': {}, 'title': '', 'cover': 'http://rightinhome.oss-cn-hangzhou.aliyuncs.com/', 'introduction': '', 'is_recommend': '1', 'collect_total': '5', 'comment_total': '85', 'like_total': '9', 'gmt_create': '2018-11-20', 'is_collect': '0', 'is_like': '0', 'groups': [], 'user': {'user_id': 'U00003', 'nickname': '医生1130', 'avatar': 'http://rightinhome.oss-cn-hangzhou.aliyuncs.com//sns/avatar.png', 'is_follow': '0'}, 'link': 'https://h5.sunnycare.cc/feed/F00001'}]}}
[2019-01-04 10:59:00,058]- logger.py] - INFO: 测试推荐内容接口-无token情况测试结束！

[2019-01-04 10:59:00,134]- logger.py] - INFO: 测试推荐用户接口-参数正常
[2019-01-04 10:59:00,192]- logger.py] - INFO: 返回的内容是：{'code': 200, 'note': '请求成功', 'data': {'is_last_page': '1', 'content': [{'user_id': 'U00302', 'nickname': 'tzz', 'avatar': 'http://rightinhome.oss-cn-hangzhou.aliyuncs.com//sns/avatar.png', 'follow_total': '11', 'fans_total': '16', 'feed_total': '0', 'post_total': '0', 'sign': '', 'app': '0', 'is_follow': '0', 'gmt_add': '2018-11-21'}]}}
[2019-01-04 10:59:00,193]- logger.py] - INFO: 测试推荐用户接口-参数正常情况测试结束！

[2019-01-04 10:59:00,274]- logger.py] - INFO: 测试推荐用户接口-无token
[2019-01-04 10:59:00,329]- logger.py] - INFO: 返回的内容是：{'code': 200, 'note': '请求成功', 'data': {'is_last_page': '1', 'content': [{'user_id': 'U00302', 'nickname': 'tzz', 'avatar': 'http://rightinhome.oss-cn-hangzhou.aliyuncs.com//sns/avatar.png', 'follow_total': '11', 'fans_total': '16', 'feed_total': '0', 'post_total': '0', 'sign': '', 'app': '0', 'is_follow': '0', 'gmt_add': '2018-11-21'}]}}
[2019-01-04 10:59:00,329]- logger.py] - INFO: 测试推荐用户接口-无token情况测试结束！

[2019-01-04 10:59:00,395]- logger.py] - INFO: 搜索接口-参数正常
[2019-01-04 10:59:00,451]- logger.py] - INFO: 搜索结果返回是：{'code': 200, 'note': '请求成功', 'data': {'is_last_page': '1', 'content': [{'user_id': 'U00014', 'nickname': '爱新觉罗小灰', 'avatar': 'http://thirdwx.qlogo.cn/mmopen/vi_32/Q0j4TwGTfTIibltII2NrrqFKiaMvdPWppERPU7DqWicajF7OJ8ia3UaxYtjNRnZUtOU7vsu3Kw7SxMbhJSgJco2JHA/132', 'follow_total': '6', 'fans_total': '3', 'feed_total': '7', 'post_total': '91', 'is_follow': '0'}]}}
[2019-01-04 10:59:00,451]- logger.py] - INFO: 搜索接口-参数正常情况测试结束！

[2019-01-04 10:59:00,514]- logger.py] - INFO: 搜索接口-搜索内容不存在
[2019-01-04 10:59:00,560]- logger.py] - INFO: 搜索结果返回是：{'code': 200, 'note': '请求成功', 'data': {'is_last_page': '1', 'content': []}}
[2019-01-04 10:59:00,560]- logger.py] - INFO: 搜索接口-搜索内容不存在情况测试结束！

[2019-01-04 10:59:00,640]- logger.py] - INFO: 搜索接口-搜索内容为空
[2019-01-04 10:59:00,720]- logger.py] - INFO: 搜索结果返回是：{'code': 200, 'note': '请求成功', 'data': {'is_last_page': '0', 'content': [{'user_id': 'U00029', 'nickname': '61924870', 'avatar': 'http://rightinhome.oss-cn-hangzhou.aliyuncs.com/TestObjectFiles/headimages/21562411036055281120180125112544.png', 'follow_total': '0', 'fans_total': '5', 'feed_total': '0', 'post_total': '0', 'is_follow': '0'}, {'user_id': 'U00030', 'nickname': '28046715', 'avatar': 'http://rightinhome.oss-cn-hangzhou.aliyuncs.com/TestObjectFiles/headimages/00035530666732870820181016184232.png', 'follow_total': '1', 'fans_total': '4', 'feed_total': '1', 'post_total': '0', 'is_follow': '0'}, {'user_id': 'U00031', 'nickname': 'Ethan Z', 'avatar': 'http://rightinhome.oss-cn-hangzhou.aliyuncs.com/TestObjectFiles/headimages/75407745580406477620180604090152.png', 'follow_total': '0', 'fans_total': '4', 'feed_total': '0', 'post_total': '0', 'is_follow': '0'}, {'user_id': 'U00032', 'nickname': '80921643', 'avatar': 'http://rightinhome.oss-cn-hangzhou.aliyuncs.com/TestObjectFiles/headimages/30519784416066366420180205172221.jpeg', 'follow_total': '0', 'fans_total': '4', 'feed_total': '0', 'post_total': '0', 'is_follow': '0'}, {'user_id': 'U00033', 'nickname': '71596203', 'avatar': 'http://rightinhome.oss-cn-hangzhou.aliyuncs.com//sns/avatar.png', 'follow_total': '0', 'fans_total': '4', 'feed_total': '0', 'post_total': '0', 'is_follow': '0'}, {'user_id': 'U00034', 'nickname': '71395280', 'avatar': 'http://rightinhome.oss-cn-hangzhou.aliyuncs.com//sns/avatar.png', 'follow_total': '0', 'fans_total': '4', 'feed_total': '0', 'post_total': '0', 'is_follow': '0'}, {'user_id': 'U00035', 'nickname': '39270861', 'avatar': 'http://rightinhome.oss-cn-hangzhou.aliyuncs.com//sns/avatar.png', 'follow_total': '0', 'fans_total': '4', 'feed_total': '0', 'post_total': '0', 'is_follow': '0'}, {'user_id': 'U00036', 'nickname': 'water爱谁谁', 'avatar': 'http://thirdwx.qlogo.cn/mmopen/vi_32/PiajxSqBRaEIB45nE3tuMNbCf3mUusjicdA5x0GkPNrRq2YiacR75ONCJPaialnkbDMpCpSGC9CntCPck3D3vUPVAA/132', 'follow_total': '0', 'fans_total': '2', 'feed_total': '2', 'post_total': '2', 'is_follow': '0'}, {'user_id': 'U00026', 'nickname': '09532684', 'avatar': 'http://rightinhome.oss-cn-hangzhou.aliyuncs.com//sns/avatar.png', 'follow_total': '0', 'fans_total': '3', 'feed_total': '0', 'post_total': '0', 'is_follow': '0'}, {'user_id': 'U00038', 'nickname': 'JJ林俊杰', 'avatar': 'http://rightinhome.oss-cn-hangzhou.aliyuncs.com/TestObjectFiles/headimages/24161723707431818620180606205701.png', 'follow_total': '0', 'fans_total': '2', 'feed_total': '0', 'post_total': '0', 'is_follow': '0'}]}}
[2019-01-04 10:59:00,721]- logger.py] - INFO: 搜索接口-搜索内容为空情况测试结束！

[2019-01-04 10:59:00,799]- logger.py] - INFO: 开始测试用户收藏接口
[2019-01-04 10:59:00,847]- logger.py] - INFO: 返回结果是：{'code': 200, 'note': '请求成功', 'data': {}}
[2019-01-04 10:59:00,848]- logger.py] - INFO: 用户收藏接口测试结束

[2019-01-04 10:59:00,932]- logger.py] - INFO: 开始测试粉丝的接口
[2019-01-04 10:59:01,036]- logger.py] - INFO: 粉丝接口返回内容是：{'code': 200, 'note': '请求成功', 'data': {'is_last_page': '1', 'time': '1546570538', 'content': [{'user_id': 'U00553', 'nickname': '19100001400', 'avatar': 'http://rightinhome.oss-cn-hangzhou.aliyuncs.com/TestObjectFiles/headimages/sNZrEa7g1WOl3noX64MYtKFHx0emPhAj/12242116855017120720181227131403.jpeg', 'follow_total': '2', 'fans_total': '0', 'feed_total': '3', 'post_total': '0', 'sign': '', 'app': 0, 'is_follow': '0', 'gmt_add': '2019-01-02 20:08:51'}, {'user_id': 'U00617', 'nickname': 'LTD181019PcuQK1HI', 'avatar': 'http://rightinhome.oss-cn-hangzhou.aliyuncs.com/sns/avatar.png', 'follow_total': '2', 'fans_total': '0', 'feed_total': '0', 'post_total': '0', 'sign': '', 'app': 1, 'is_follow': '0', 'gmt_add': '2018-12-29 16:51:02'}, {'user_id': 'U00005', 'nickname': '请输入昵称', 'avatar': 'http://rightinhome.oss-cn-hangzhou.aliyuncs.com/TestObjectFiles/headimages/JmcqZzk90FUljADf5PhGtTx1ORs4gIVw/89042852436984975920181121230621.jpeg', 'follow_total': '10', 'fans_total': '8', 'feed_total': '12', 'post_total': '8', 'sign': '好红红火火恍恍惚惚呵呵哈哈哈哈哈哈哈不不不不不不不G差出', 'app': 0, 'is_follow': '1', 'gmt_add': '2018-12-29 16:32:14'}, {'user_id': 'U00442', 'nickname': '1238', 'avatar': 'http://rightinhome.oss-cn-hangzhou.aliyuncs.com/TestObjectFiles/headimages/32433616806888074620181213134603.png', 'follow_total': '4', 'fans_total': '1', 'feed_total': '19', 'post_total': '13', 'sign': '', 'app': 0, 'is_follow': '0', 'gmt_add': '2018-12-13 13:36:58'}, {'user_id': 'U00013', 'nickname': '张威霹雳威', 'avatar': 'http://rightinhome.oss-cn-hangzhou.aliyuncs.com/sns/avatar.png', 'follow_total': '3', 'fans_total': '2', 'feed_total': '1', 'post_total': '0', 'sign': '', 'app': 0, 'is_follow': '0', 'gmt_add': '2018-12-12 16:17:51'}, {'user_id': 'U00401', 'nickname': 'LT1812066e9iztVW', 'avatar': 'http://rightinhome.oss-cn-hangzhou.aliyuncs.com/sns/avatar.png', 'follow_total': '3', 'fans_total': '0', 'feed_total': '2', 'post_total': '0', 'sign': '', 'app': 0, 'is_follow': '0', 'gmt_add': '2018-12-06 09:23:57'}, {'user_id': 'U00400', 'nickname': '李存勇256', 'avatar': 'http://rightinhome.oss-cn-hangzhou.aliyuncs.com/sns/avatar.png', 'follow_total': '5', 'fans_total': '0', 'feed_total': '0', 'post_total': '0', 'sign': '', 'app': 0, 'is_follow': '0', 'gmt_add': '2018-12-06 09:21:15'}, {'user_id': 'U00041', 'nickname': '澜渟官方', 'avatar': 'http://rightinhome.oss-cn-hangzhou.aliyuncs.com/TestObjectFiles/headimages/Xe0inUYP4Sfu3yBM9LOvTzZbsRNxDlqa/38025432243421455420181122093134.jpeg', 'follow_total': '1', 'fans_total': '1', 'feed_total': '1', 'post_total': '1', 'sign': '我在干什么', 'app': 0, 'is_follow': '0', 'gmt_add': '2018-11-21 17:04:16'}, {'user_id': 'U00302', 'nickname': 'tzz', 'avatar': 'http://rightinhome.oss-cn-hangzhou.aliyuncs.com/sns/avatar.png', 'follow_total': '11', 'fans_total': '16', 'feed_total': '0', 'post_total': '0', 'sign': '', 'app': 1, 'is_follow': '0', 'gmt_add': '2018-11-21 14:31:58'}, {'user_id': 'U00125', 'nickname': '667', 'avatar': 'http://rightinhome.oss-cn-hangzhou.aliyuncs.com/TestObjectFiles/headimages/MUyigdBfQ49LoIqhAkV6nEv3ZJwrs0OY/58571106016895112420181120151026.jpeg', 'follow_total': '3', 'fans_total': '2', 'feed_total': '1', 'post_total': '1', 'sign': '', 'app': 0, 'is_follow': '0', 'gmt_add': '2018-11-20 16:19:15'}, {'user_id': 'U00020', 'nickname': '571_modify', 'avatar': 'http://rightinhome.oss-cn-hangzhou.aliyuncs.com/TestObjectFiles/headimages/vJpoLPsO791yKztNXbCSadBhnumVfQ5W/86543026753040762420181120152240.jpeg', 'follow_total': '4', 'fans_total': '4', 'feed_total': '3', 'post_total': '0', 'sign': '', 'app': 0, 'is_follow': '0', 'gmt_add': '2018-11-20 14:51:32'}, {'user_id': 'U00121', 'nickname': '杨雪', 'avatar': 'http://rightinhome.oss-cn-hangzhou.aliyuncs.com/RightInDoctrorFiles/Developer/DoctorHeadImages/eZpCSXJ56j3v0h9IRNtwPD7qGVTkFOBz/41144149240642218420181023134702.jpeg', 'follow_total': '2', 'fans_total': '1', 'feed_total': '1', 'post_total': '0', 'sign': '个性签名', 'app': 1, 'is_follow': '0', 'gmt_add': '2018-11-20 14:36:24'}, {'user_id': 'U00014', 'nickname': '爱新觉罗小灰', 'avatar': 'http://thirdwx.qlogo.cn/mmopen/vi_32/Q0j4TwGTfTIibltII2NrrqFKiaMvdPWppERPU7DqWicajF7OJ8ia3UaxYtjNRnZUtOU7vsu3Kw7SxMbhJSgJco2JHA/132', 'follow_total': '6', 'fans_total': '3', 'feed_total': '7', 'post_total': '91', 'sign': '我是总统候选人名单上除名！你不要钱吗！我就知道我们在线运营模式立即赢得尴尬尴记录', 'app': 0, 'is_follow': '1', 'gmt_add': '2018-11-20 14:35:37'}, {'user_id': 'U00142', 'nickname': 'torres2018', 'avatar': 'http://rightinhome.oss-cn-hangzhou.aliyuncs.com/RightInDoctrorFiles/Distribute/DoctorHeadImages/e10845af11da625581efad30f172f0b9.jpg', 'follow_total': '164', 'fans_total': '9', 'feed_total': '22', 'post_total': '3', 'sign': '吐了咯说老婆婆婆going您iOS录取7k7k个咯人快扔进去', 'app': 1, 'is_follow': '0', 'gmt_add': '2018-11-20 14:18:59'}, {'user_id': 'U00023', 'nickname': 'LTD181017sfKtxoSA', 'avatar': 'http://rightinhome.oss-cn-hangzhou.aliyuncs.com/RightInDoctrorFiles/Developer/DoctorHeadImages/vb0KLCcHhT6iVtnqmrRe4pY9zfkwslPd/19222572716872033620181121145300.jpeg', 'follow_total': '3', 'fans_total': '2', 'feed_total': '3', 'post_total': '3', 'sign': '', 'app': 1, 'is_follow': '0', 'gmt_add': '2018-11-20 10:58:50'}]}}
[2019-01-04 10:59:01,037]- logger.py] - INFO: 粉丝的接口测试结束

[2019-01-04 10:59:01,115]- logger.py] - INFO: 开始测试粉丝的接口-无token
[2019-01-04 10:59:01,192]- logger.py] - INFO: 粉丝接口返回内容是：{'code': 200, 'note': '请求成功', 'data': {'is_last_page': '1', 'time': '1546570538', 'content': [{'user_id': 'U00553', 'nickname': '19100001400', 'avatar': 'http://rightinhome.oss-cn-hangzhou.aliyuncs.com/TestObjectFiles/headimages/sNZrEa7g1WOl3noX64MYtKFHx0emPhAj/12242116855017120720181227131403.jpeg', 'follow_total': '2', 'fans_total': '0', 'feed_total': '3', 'post_total': '0', 'sign': '', 'app': 0, 'is_follow': '0', 'gmt_add': '2019-01-02 20:08:51'}, {'user_id': 'U00617', 'nickname': 'LTD181019PcuQK1HI', 'avatar': 'http://rightinhome.oss-cn-hangzhou.aliyuncs.com/sns/avatar.png', 'follow_total': '2', 'fans_total': '0', 'feed_total': '0', 'post_total': '0', 'sign': '', 'app': 1, 'is_follow': '0', 'gmt_add': '2018-12-29 16:51:02'}, {'user_id': 'U00005', 'nickname': '请输入昵称', 'avatar': 'http://rightinhome.oss-cn-hangzhou.aliyuncs.com/TestObjectFiles/headimages/JmcqZzk90FUljADf5PhGtTx1ORs4gIVw/89042852436984975920181121230621.jpeg', 'follow_total': '10', 'fans_total': '8', 'feed_total': '12', 'post_total': '8', 'sign': '好红红火火恍恍惚惚呵呵哈哈哈哈哈哈哈不不不不不不不G差出', 'app': 0, 'is_follow': '0', 'gmt_add': '2018-12-29 16:32:14'}, {'user_id': 'U00442', 'nickname': '1238', 'avatar': 'http://rightinhome.oss-cn-hangzhou.aliyuncs.com/TestObjectFiles/headimages/32433616806888074620181213134603.png', 'follow_total': '4', 'fans_total': '1', 'feed_total': '19', 'post_total': '13', 'sign': '', 'app': 0, 'is_follow': '0', 'gmt_add': '2018-12-13 13:36:58'}, {'user_id': 'U00013', 'nickname': '张威霹雳威', 'avatar': 'http://rightinhome.oss-cn-hangzhou.aliyuncs.com/sns/avatar.png', 'follow_total': '3', 'fans_total': '2', 'feed_total': '1', 'post_total': '0', 'sign': '', 'app': 0, 'is_follow': '0', 'gmt_add': '2018-12-12 16:17:51'}, {'user_id': 'U00401', 'nickname': 'LT1812066e9iztVW', 'avatar': 'http://rightinhome.oss-cn-hangzhou.aliyuncs.com/sns/avatar.png', 'follow_total': '3', 'fans_total': '0', 'feed_total': '2', 'post_total': '0', 'sign': '', 'app': 0, 'is_follow': '0', 'gmt_add': '2018-12-06 09:23:57'}, {'user_id': 'U00400', 'nickname': '李存勇256', 'avatar': 'http://rightinhome.oss-cn-hangzhou.aliyuncs.com/sns/avatar.png', 'follow_total': '5', 'fans_total': '0', 'feed_total': '0', 'post_total': '0', 'sign': '', 'app': 0, 'is_follow': '0', 'gmt_add': '2018-12-06 09:21:15'}, {'user_id': 'U00041', 'nickname': '澜渟官方', 'avatar': 'http://rightinhome.oss-cn-hangzhou.aliyuncs.com/TestObjectFiles/headimages/Xe0inUYP4Sfu3yBM9LOvTzZbsRNxDlqa/38025432243421455420181122093134.jpeg', 'follow_total': '1', 'fans_total': '1', 'feed_total': '1', 'post_total': '1', 'sign': '我在干什么', 'app': 0, 'is_follow': '0', 'gmt_add': '2018-11-21 17:04:16'}, {'user_id': 'U00302', 'nickname': 'tzz', 'avatar': 'http://rightinhome.oss-cn-hangzhou.aliyuncs.com/sns/avatar.png', 'follow_total': '11', 'fans_total': '16', 'feed_total': '0', 'post_total': '0', 'sign': '', 'app': 1, 'is_follow': '0', 'gmt_add': '2018-11-21 14:31:58'}, {'user_id': 'U00125', 'nickname': '667', 'avatar': 'http://rightinhome.oss-cn-hangzhou.aliyuncs.com/TestObjectFiles/headimages/MUyigdBfQ49LoIqhAkV6nEv3ZJwrs0OY/58571106016895112420181120151026.jpeg', 'follow_total': '3', 'fans_total': '2', 'feed_total': '1', 'post_total': '1', 'sign': '', 'app': 0, 'is_follow': '0', 'gmt_add': '2018-11-20 16:19:15'}, {'user_id': 'U00020', 'nickname': '571_modify', 'avatar': 'http://rightinhome.oss-cn-hangzhou.aliyuncs.com/TestObjectFiles/headimages/vJpoLPsO791yKztNXbCSadBhnumVfQ5W/86543026753040762420181120152240.jpeg', 'follow_total': '4', 'fans_total': '4', 'feed_total': '3', 'post_total': '0', 'sign': '', 'app': 0, 'is_follow': '0', 'gmt_add': '2018-11-20 14:51:32'}, {'user_id': 'U00121', 'nickname': '杨雪', 'avatar': 'http://rightinhome.oss-cn-hangzhou.aliyuncs.com/RightInDoctrorFiles/Developer/DoctorHeadImages/eZpCSXJ56j3v0h9IRNtwPD7qGVTkFOBz/41144149240642218420181023134702.jpeg', 'follow_total': '2', 'fans_total': '1', 'feed_total': '1', 'post_total': '0', 'sign': '个性签名', 'app': 1, 'is_follow': '0', 'gmt_add': '2018-11-20 14:36:24'}, {'user_id': 'U00014', 'nickname': '爱新觉罗小灰', 'avatar': 'http://thirdwx.qlogo.cn/mmopen/vi_32/Q0j4TwGTfTIibltII2NrrqFKiaMvdPWppERPU7DqWicajF7OJ8ia3UaxYtjNRnZUtOU7vsu3Kw7SxMbhJSgJco2JHA/132', 'follow_total': '6', 'fans_total': '3', 'feed_total': '7', 'post_total': '91', 'sign': '我是总统候选人名单上除名！你不要钱吗！我就知道我们在线运营模式立即赢得尴尬尴记录', 'app': 0, 'is_follow': '0', 'gmt_add': '2018-11-20 14:35:37'}, {'user_id': 'U00142', 'nickname': 'torres2018', 'avatar': 'http://rightinhome.oss-cn-hangzhou.aliyuncs.com/RightInDoctrorFiles/Distribute/DoctorHeadImages/e10845af11da625581efad30f172f0b9.jpg', 'follow_total': '164', 'fans_total': '9', 'feed_total': '22', 'post_total': '3', 'sign': '吐了咯说老婆婆婆going您iOS录取7k7k个咯人快扔进去', 'app': 1, 'is_follow': '0', 'gmt_add': '2018-11-20 14:18:59'}, {'user_id': 'U00023', 'nickname': 'LTD181017sfKtxoSA', 'avatar': 'http://rightinhome.oss-cn-hangzhou.aliyuncs.com/RightInDoctrorFiles/Developer/DoctorHeadImages/vb0KLCcHhT6iVtnqmrRe4pY9zfkwslPd/19222572716872033620181121145300.jpeg', 'follow_total': '3', 'fans_total': '2', 'feed_total': '3', 'post_total': '3', 'sign': '', 'app': 1, 'is_follow': '0', 'gmt_add': '2018-11-20 10:58:50'}]}}
[2019-01-04 10:59:01,193]- logger.py] - INFO: 粉丝的接口-无token测试结束

[2019-01-04 10:59:01,260]- logger.py] - INFO: 测试发布文字接口-不发布到圈子
[2019-01-04 10:59:01,320]- logger.py] - INFO: 返回的内容是是：{'code': 200, 'note': '动态发布成功.', 'data': []}
[2019-01-04 10:59:01,321]- logger.py] - INFO: 测试发布文字接口-不发布到圈子情况测试结束

[2019-01-04 10:59:01,398]- logger.py] - INFO: 测试用户动态接口-参数正常
[2019-01-04 10:59:01,504]- logger.py] - INFO: 返回的内容：{'code': 200, 'note': '请求成功', 'data': {'is_last_page': '1', 'time': '1546570539', 'content': [{'id': 'F00565', 'type': 0, 'text': '你知道我在等你吗', 'pic': [], 'video': {}, 'title': '', 'cover': 'http://rightinhome.oss-cn-hangzhou.aliyuncs.com/', 'introduction': '', 'is_recommend': '0', 'collect_total': '0', 'comment_total': '0', 'like_total': '0', 'gmt_create': '刚刚', 'is_collect': '0', 'is_like': '0', 'groups': [], 'user': {'user_id': 'U00014', 'nickname': '爱新觉罗小灰', 'avatar': 'http://thirdwx.qlogo.cn/mmopen/vi_32/Q0j4TwGTfTIibltII2NrrqFKiaMvdPWppERPU7DqWicajF7OJ8ia3UaxYtjNRnZUtOU7vsu3Kw7SxMbhJSgJco2JHA/132', 'is_follow': '1'}, 'link': 'https://h5.sunnycare.cc/feed/F00565'}, {'id': 'F00563', 'type': 0, 'text': '不知道自己的心', 'pic': [], 'video': {}, 'title': '', 'cover': 'http://rightinhome.oss-cn-hangzhou.aliyuncs.com/', 'introduction': '', 'is_recommend': '0', 'collect_total': '0', 'comment_total': '0', 'like_total': '0', 'gmt_create': '刚刚', 'is_collect': '0', 'is_like': '0', 'groups': [], 'user': {'user_id': 'U00014', 'nickname': '爱新觉罗小灰', 'avatar': 'http://thirdwx.qlogo.cn/mmopen/vi_32/Q0j4TwGTfTIibltII2NrrqFKiaMvdPWppERPU7DqWicajF7OJ8ia3UaxYtjNRnZUtOU7vsu3Kw7SxMbhJSgJco2JHA/132', 'is_follow': '1'}, 'link': 'https://h5.sunnycare.cc/feed/F00563'}, {'id': 'F00564', 'type': 0, 'text': '背影作者: 打算跟着父亲奔丧回家。到徐州见着父亲，看见满院狼藉的东西，又想起祖母，不禁簌簌地流下眼泪。父亲说，“事已如此，不必难过，好在天无绝人之路！”回家变卖典质，父亲还了亏空；又借钱办了丧事。这些日子，家中光景很是惨淡，一半为了丧事，一半为了父亲赋闲。丧事完毕，父亲要到南京谋事，我也要回北京念书，我们便同行。到南京时，有朋友约去游逛，勾留了一日；第二日上午便须渡江到浦口，下午上车北去。父亲因为事忙，本已说定不送我，叫旅馆里一个熟识的茶房陪我同去。他再三嘱咐茶房，甚是仔细。但他终于不放心，怕茶房不妥帖；颇踌躇了一会。其实我那年已二十岁，北京已来往过两三次，是没有甚么要紧的了。他踌躇了一会，终于决定还是自己送我去。我两三回劝他不必去；他只说，“不要紧，他们去不好！”我们过了江，进了车站。我买票，他忙着照看行李。行李太多了，得向脚夫行些小费，才可过去。他便又忙着和他们讲价钱。我那时真是聪明过分，总觉他说话不大漂亮，非自己插嘴不可。但他终于讲定了价钱；就送我上车。他给我拣定了靠车门的一张椅子；我将他给我做的紫毛大衣铺好坐位。他嘱我路上小心，夜里警醒些，不要受凉。又嘱托茶房好好照应我。我心里暗笑他的迂；他们只认得钱，托他们直是白托！而且我这样大年纪的人，难道还不能料理自己么？唉，月台的栅栏外见！', 'pic': [], 'video': {}, 'title': '', 'cover': 'http://rightinhome.oss-cn-hangzhou.aliyuncs.com/', 'introduction': '', 'is_recommend': '0', 'collect_total': '0', 'comment_total': '0', 'like_total': '0', 'gmt_create': '刚刚', 'is_collect': '0', 'is_like': '0', 'groups': [{'group_id': 'G00018', 'title': '澜渟医生-test1'}], 'user': {'user_id': 'U00014', 'nickname': '爱新觉罗小灰', 'avatar': 'http://thirdwx.qlogo.cn/mmopen/vi_32/Q0j4TwGTfTIibltII2NrrqFKiaMvdPWppERPU7DqWicajF7OJ8ia3UaxYtjNRnZUtOU7vsu3Kw7SxMbhJSgJco2JHA/132', 'is_follow': '1'}, 'link': 'https://h5.sunnycare.cc/feed/F00564'}, {'id': 'P00150', 'type': 3, 'text': '', 'pic': [], 'video': {}, 'title': '测试发布文章-纯文字', 'cover': 'http://rightinhome.oss-cn-hangzhou.aliyuncs.com//TestObjectFiles/TestObjectFiles/1529561033505542.jpg', 'introduction': '文字文字文字', 'is_recommend': '0', 'collect_total': '0', 'comment_total': '0', 'like_total': '0', 'gmt_create': '刚刚', 'is_collect': '0', 'is_like': '0', 'groups': [{'group_id': 'G00001', 'title': '研发test-澜渟'}], 'user': {'user_id': 'U00014', 'nickname': '爱新觉罗小灰', 'avatar': 'http://thirdwx.qlogo.cn/mmopen/vi_32/Q0j4TwGTfTIibltII2NrrqFKiaMvdPWppERPU7DqWicajF7OJ8ia3UaxYtjNRnZUtOU7vsu3Kw7SxMbhJSgJco2JHA/132', 'is_follow': '1'}, 'link': 'https://h5.sunnycare.cc/post/P00150'}, {'id': 'P00151', 'type': 3, 'text': '', 'pic': [], 'video': {}, 'title': '我的文章-纯图片', 'cover': 'http://rightinhome.oss-cn-hangzhou.aliyuncs.com//TestObjectFiles/TestObjectFiles/1529561033505542.jpg', 'introduction': '图片图片', 'is_recommend': '0', 'collect_total': '0', 'comment_total': '0', 'like_total': '0', 'gmt_create': '刚刚', 'is_collect': '0', 'is_like': '0', 'groups': [{'group_id': 'G00001', 'title': '研发test-澜渟'}], 'user': {'user_id': 'U00014', 'nickname': '爱新觉罗小灰', 'avatar': 'http://thirdwx.qlogo.cn/mmopen/vi_32/Q0j4TwGTfTIibltII2NrrqFKiaMvdPWppERPU7DqWicajF7OJ8ia3UaxYtjNRnZUtOU7vsu3Kw7SxMbhJSgJco2JHA/132', 'is_follow': '1'}, 'link': 'https://h5.sunnycare.cc/post/P00151'}, {'id': 'P00152', 'type': 3, 'text': '', 'pic': [], 'video': {}, 'title': '我的文章-文字+图片', 'cover': 'http://rightinhome.oss-cn-hangzhou.aliyuncs.com//TestObjectFiles/TestObjectFiles/1529561033505542.jpg', 'introduction': '文字+图片', 'is_recommend': '0', 'collect_total': '0', 'comment_total': '0', 'like_total': '0', 'gmt_create': '刚刚', 'is_collect': '0', 'is_like': '0', 'groups': [{'group_id': 'G00001', 'title': '研发test-澜渟'}], 'user': {'user_id': 'U00014', 'nickname': '爱新觉罗小灰', 'avatar': 'http://thirdwx.qlogo.cn/mmopen/vi_32/Q0j4TwGTfTIibltII2NrrqFKiaMvdPWppERPU7DqWicajF7OJ8ia3UaxYtjNRnZUtOU7vsu3Kw7SxMbhJSgJco2JHA/132', 'is_follow': '1'}, 'link': 'https://h5.sunnycare.cc/post/P00152'}, {'id': 'F00561', 'type': 1, 'text': '接口发布图片', 'pic': [{'path': 'http://rightinhome.oss-cn-hangzhou.aliyuncs.com/TestObjectFiles/TestObjectFiles/1529560739750727.jpg', 'width': 2016, 'height': 1107}], 'video': {}, 'title': '', 'cover': 'http://rightinhome.oss-cn-hangzhou.aliyuncs.com/', 'introduction': '', 'is_recommend': '0', 'collect_total': '0', 'comment_total': '0', 'like_total': '0', 'gmt_create': '刚刚', 'is_collect': '0', 'is_like': '0', 'groups': [{'group_id': 'G00001', 'title': '研发test-澜渟'}], 'user': {'user_id': 'U00014', 'nickname': '爱新觉罗小灰', 'avatar': 'http://thirdwx.qlogo.cn/mmopen/vi_32/Q0j4TwGTfTIibltII2NrrqFKiaMvdPWppERPU7DqWicajF7OJ8ia3UaxYtjNRnZUtOU7vsu3Kw7SxMbhJSgJco2JHA/132', 'is_follow': '1'}, 'link': 'https://h5.sunnycare.cc/feed/F00561'}, {'id': 'F00562', 'type': 1, 'text': '发布多张图片到圈子', 'pic': [{'path': 'http://rightinhome.oss-cn-hangzhou.aliyuncs.com/TestObjectFiles/TestObjectFiles/1529560739750727.jpg', 'width': 828, 'height': 618}, {'path': 'http://rightinhome.oss-cn-hangzhou.aliyuncs.com//TestObjectFiles/TestObjectFiles/1529561899406240.jpg', 'width': 2016, 'height': 1512}, {'path': 'http://rightinhome.oss-cn-hangzhou.aliyuncs.com//TestObjectFiles/TestObjectFiles/1529561900655548.jpg', 'width': 2016, 'height': 1512}, {'path': 'http://rightinhome.oss-cn-hangzhou.aliyuncs.com//TestObjectFiles/TestObjectFiles/1529561901530700.jpg', 'width': 2016, 'height': 1512}, {'path': 'http://rightinhome.oss-cn-hangzhou.aliyuncs.com//TestObjectFiles/TestObjectFiles/1529561902244284.jpg', 'width': 2016, 'height': 1512}, {'path': 'http://rightinhome.oss-cn-hangzhou.aliyuncs.com//TestObjectFiles/TestObjectFiles/1529561903256778.jpg', 'width': 2016, 'height': 1512}, {'path': 'http://rightinhome.oss-cn-hangzhou.aliyuncs.com//TestObjectFiles/TestObjectFiles/152956190416515.jpg', 'width': 2016, 'height': 1512}], 'video': {}, 'title': '', 'cover': 'http://rightinhome.oss-cn-hangzhou.aliyuncs.com/', 'introduction': '', 'is_recommend': '0', 'collect_total': '0', 'comment_total': '0', 'like_total': '0', 'gmt_create': '刚刚', 'is_collect': '0', 'is_like': '0', 'groups': [{'group_id': 'G00001', 'title': '研发test-澜渟'}], 'user': {'user_id': 'U00014', 'nickname': '爱新觉罗小灰', 'avatar': 'http://thirdwx.qlogo.cn/mmopen/vi_32/Q0j4TwGTfTIibltII2NrrqFKiaMvdPWppERPU7DqWicajF7OJ8ia3UaxYtjNRnZUtOU7vsu3Kw7SxMbhJSgJco2JHA/132', 'is_follow': '1'}, 'link': 'https://h5.sunnycare.cc/feed/F00562'}]}}
[2019-01-04 10:59:01,547]- logger.py] - INFO: 测试用户动态接口-参数正常情况结束！

[2019-01-04 10:59:01,622]- logger.py] - INFO: 开始测试feed详情接口
[2019-01-04 10:59:01,688]- logger.py] - INFO: F00565详情返回的内容：{'code': 200, 'note': '请求成功', 'data': {'id': 'F00565', 'type': 0, 'text': '你知道我在等你吗', 'pic': [], 'video': {}, 'is_recommend': '0', 'collect_total': '0', 'comment_total': '0', 'like_total': '0', 'gmt_create': '刚刚', 'is_collect': '0', 'is_like': '0', 'groups': [], 'user': {'user_id': 'U00014', 'nickname': '爱新觉罗小灰', 'avatar': 'http://thirdwx.qlogo.cn/mmopen/vi_32/Q0j4TwGTfTIibltII2NrrqFKiaMvdPWppERPU7DqWicajF7OJ8ia3UaxYtjNRnZUtOU7vsu3Kw7SxMbhJSgJco2JHA/132', 'is_follow': '1'}, 'link': 'https://h5.sunnycare.cc/feed/F00565'}}
[2019-01-04 10:59:01,740]- logger.py] - INFO: F00563详情返回的内容：{'code': 200, 'note': '请求成功', 'data': {'id': 'F00563', 'type': 0, 'text': '不知道自己的心', 'pic': [], 'video': {}, 'is_recommend': '0', 'collect_total': '0', 'comment_total': '0', 'like_total': '0', 'gmt_create': '刚刚', 'is_collect': '0', 'is_like': '0', 'groups': [], 'user': {'user_id': 'U00014', 'nickname': '爱新觉罗小灰', 'avatar': 'http://thirdwx.qlogo.cn/mmopen/vi_32/Q0j4TwGTfTIibltII2NrrqFKiaMvdPWppERPU7DqWicajF7OJ8ia3UaxYtjNRnZUtOU7vsu3Kw7SxMbhJSgJco2JHA/132', 'is_follow': '1'}, 'link': 'https://h5.sunnycare.cc/feed/F00563'}}
[2019-01-04 10:59:01,793]- logger.py] - INFO: F00564详情返回的内容：{'code': 200, 'note': '请求成功', 'data': {'id': 'F00564', 'type': 0, 'text': '背影作者: 打算跟着父亲奔丧回家。到徐州见着父亲，看见满院狼藉的东西，又想起祖母，不禁簌簌地流下眼泪。父亲说，“事已如此，不必难过，好在天无绝人之路！”回家变卖典质，父亲还了亏空；又借钱办了丧事。这些日子，家中光景很是惨淡，一半为了丧事，一半为了父亲赋闲。丧事完毕，父亲要到南京谋事，我也要回北京念书，我们便同行。到南京时，有朋友约去游逛，勾留了一日；第二日上午便须渡江到浦口，下午上车北去。父亲因为事忙，本已说定不送我，叫旅馆里一个熟识的茶房陪我同去。他再三嘱咐茶房，甚是仔细。但他终于不放心，怕茶房不妥帖；颇踌躇了一会。其实我那年已二十岁，北京已来往过两三次，是没有甚么要紧的了。他踌躇了一会，终于决定还是自己送我去。我两三回劝他不必去；他只说，“不要紧，他们去不好！”我们过了江，进了车站。我买票，他忙着照看行李。行李太多了，得向脚夫行些小费，才可过去。他便又忙着和他们讲价钱。我那时真是聪明过分，总觉他说话不大漂亮，非自己插嘴不可。但他终于讲定了价钱；就送我上车。他给我拣定了靠车门的一张椅子；我将他给我做的紫毛大衣铺好坐位。他嘱我路上小心，夜里警醒些，不要受凉。又嘱托茶房好好照应我。我心里暗笑他的迂；他们只认得钱，托他们直是白托！而且我这样大年纪的人，难道还不能料理自己么？唉，月台的栅栏外见！', 'pic': [], 'video': {}, 'is_recommend': '0', 'collect_total': '0', 'comment_total': '0', 'like_total': '0', 'gmt_create': '刚刚', 'is_collect': '0', 'is_like': '0', 'groups': [{'group_id': 'G00018', 'title': '澜渟医生-test1'}], 'user': {'user_id': 'U00014', 'nickname': '爱新觉罗小灰', 'avatar': 'http://thirdwx.qlogo.cn/mmopen/vi_32/Q0j4TwGTfTIibltII2NrrqFKiaMvdPWppERPU7DqWicajF7OJ8ia3UaxYtjNRnZUtOU7vsu3Kw7SxMbhJSgJco2JHA/132', 'is_follow': '1'}, 'link': 'https://h5.sunnycare.cc/feed/F00564'}}
[2019-01-04 10:59:01,823]- logger.py] - INFO: P00150详情返回的内容：{'code': 501, 'note': '', 'data': {}}
[2019-01-04 10:59:01,913]- logger.py] - INFO: 测试删除动态接口-参数正常
[2019-01-04 10:59:01,983]- logger.py] - INFO: F00565返回的内容是：{'code': 200, 'note': '删除动态成功.', 'data': {}}
[2019-01-04 10:59:02,036]- logger.py] - INFO: F00563返回的内容是：{'code': 200, 'note': '删除动态成功.', 'data': {}}
[2019-01-04 10:59:02,092]- logger.py] - INFO: F00564返回的内容是：{'code': 200, 'note': '删除动态成功.', 'data': {}}
[2019-01-04 10:59:02,145]- logger.py] - INFO: P00150返回的内容是：{'code': 200, 'note': '删除动态成功.', 'data': {}}
[2019-01-04 10:59:02,200]- logger.py] - INFO: P00151返回的内容是：{'code': 200, 'note': '删除动态成功.', 'data': {}}
[2019-01-04 10:59:02,265]- logger.py] - INFO: P00152返回的内容是：{'code': 200, 'note': '删除动态成功.', 'data': {}}
[2019-01-04 10:59:02,327]- logger.py] - INFO: F00561返回的内容是：{'code': 200, 'note': '删除动态成功.', 'data': {}}
[2019-01-04 10:59:02,389]- logger.py] - INFO: F00562返回的内容是：{'code': 200, 'note': '删除动态成功.', 'data': {}}
[2019-01-04 10:59:02,390]- logger.py] - INFO: 测试删除动态接口-参数正常情况测试结束！

[2019-01-04 10:59:02,470]- logger.py] - INFO: 获取用户全部的关注用户
[2019-01-04 10:59:02,578]- logger.py] - INFO: 全部的关注用户的返回结果是：{'code': 200, 'note': '请求成功', 'data': {'is_last_page': '0', 'time': '1546570540', 'content': [{'user_id': 'U00005', 'nickname': '请输入昵称', 'avatar': 'http://rightinhome.oss-cn-hangzhou.aliyuncs.com/TestObjectFiles/headimages/JmcqZzk90FUljADf5PhGtTx1ORs4gIVw/89042852436984975920181121230621.jpeg', 'follow_total': 10, 'fans_total': 8, 'feed_total': 12, 'post_total': 8, 'sign': '好红红火火恍恍惚惚呵呵哈哈哈哈哈哈哈不不不不不不不G差出', 'app': 0, 'is_follow': '1', 'gmt_add': '2018-11-20 09:52:11'}, {'user_id': 'U00142', 'nickname': 'torres2018', 'avatar': 'http://rightinhome.oss-cn-hangzhou.aliyuncs.com/RightInDoctrorFiles/Distribute/DoctorHeadImages/e10845af11da625581efad30f172f0b9.jpg', 'follow_total': 164, 'fans_total': 9, 'feed_total': 22, 'post_total': 3, 'sign': '吐了咯说老婆婆婆going您iOS录取7k7k个咯人快扔进去', 'app': 1, 'is_follow': '0', 'gmt_add': '2018-11-20 13:38:11'}, {'user_id': 'U00121', 'nickname': '杨雪', 'avatar': 'http://rightinhome.oss-cn-hangzhou.aliyuncs.com/RightInDoctrorFiles/Developer/DoctorHeadImages/eZpCSXJ56j3v0h9IRNtwPD7qGVTkFOBz/41144149240642218420181023134702.jpeg', 'follow_total': 2, 'fans_total': 1, 'feed_total': 1, 'post_total': 0, 'sign': '个性签名', 'app': 1, 'is_follow': '0', 'gmt_add': '2018-11-20 11:13:00'}, {'user_id': 'U00023', 'nickname': 'LTD181017sfKtxoSA', 'avatar': 'http://rightinhome.oss-cn-hangzhou.aliyuncs.com/RightInDoctrorFiles/Developer/DoctorHeadImages/vb0KLCcHhT6iVtnqmrRe4pY9zfkwslPd/19222572716872033620181121145300.jpeg', 'follow_total': 3, 'fans_total': 2, 'feed_total': 3, 'post_total': 3, 'sign': '本宝宝暂时还没想到个性的签名', 'app': 1, 'is_follow': '0', 'gmt_add': '2018-11-20 10:25:24'}, {'user_id': 'U00048', 'nickname': '89304627', 'avatar': 'http://thirdwx.qlogo.cn/mmopen/vi_32/LXibZVN3MpB0Y0TOqbrsQwPpelSa8mZFFl7sB2kleibb239QyWOcW0us6MIdg3YS4qrtT5PicvU47lnvnGWnMo5tA/132', 'follow_total': 3, 'fans_total': 3, 'feed_total': 1, 'post_total': 1, 'sign': '氢气球人人人', 'app': 0, 'is_follow': '0', 'gmt_add': '2018-11-20 10:51:43'}, {'user_id': 'U00046', 'nickname': '周润发', 'avatar': 'http://rightinhome.oss-cn-hangzhou.aliyuncs.com/TestObjectFiles/headimages/90727809332180333820180611103549.jpeg', 'follow_total': 0, 'fans_total': 1, 'feed_total': 0, 'post_total': 0, 'sign': '来我给你打电话了，南京大学校长助理八点多吧8888话你懂', 'app': 0, 'is_follow': '0', 'gmt_add': '2018-11-20 10:51:43'}, {'user_id': 'U00047', 'nickname': '418736', 'avatar': 'http://rightinhome.oss-cn-hangzhou.aliyuncs.com/sns/avatar.png', 'follow_total': 0, 'fans_total': 3, 'feed_total': 0, 'post_total': 0, 'sign': '本宝宝暂时还没想到个性的签名', 'app': 0, 'is_follow': '0', 'gmt_add': '2018-11-20 10:51:43'}, {'user_id': 'U00011', 'nickname': 'Aaron', 'avatar': 'http://rightinhome.oss-cn-hangzhou.aliyuncs.com/TestObjectFiles/headimages/54153845161323403620181122192507.png', 'follow_total': 1, 'fans_total': 4, 'feed_total': 1, 'post_total': 0, 'sign': '5666', 'app': 0, 'is_follow': '0', 'gmt_add': '2018-11-20 10:00:19'}, {'user_id': 'U00014', 'nickname': '爱新觉罗小灰', 'avatar': 'http://thirdwx.qlogo.cn/mmopen/vi_32/Q0j4TwGTfTIibltII2NrrqFKiaMvdPWppERPU7DqWicajF7OJ8ia3UaxYtjNRnZUtOU7vsu3Kw7SxMbhJSgJco2JHA/132', 'follow_total': 6, 'fans_total': 3, 'feed_total': 0, 'post_total': 91, 'sign': '我是总统候选人名单上除名！你不要钱吗！我就知道我们在线运营模式立即赢得尴尬尴记录', 'app': 0, 'is_follow': '1', 'gmt_add': '2018-11-20 10:02:41'}, {'user_id': 'U00045', 'nickname': '198654', 'avatar': 'http://rightinhome.oss-cn-hangzhou.aliyuncs.com/sns/avatar.png', 'follow_total': 0, 'fans_total': 3, 'feed_total': 0, 'post_total': 0, 'sign': '本宝宝暂时还没想到个性的签名', 'app': 0, 'is_follow': '0', 'gmt_add': '2018-11-20 10:50:57'}, {'user_id': 'U00044', 'nickname': '62975813', 'avatar': 'http://rightinhome.oss-cn-hangzhou.aliyuncs.com/sns/avatar.png', 'follow_total': 0, 'fans_total': 3, 'feed_total': 0, 'post_total': 0, 'sign': '本宝宝暂时还没想到个性的签名', 'app': 0, 'is_follow': '0', 'gmt_add': '2018-11-20 10:50:57'}, {'user_id': 'U00043', 'nickname': 'LT180919phcJdKYL', 'avatar': 'http://rightinhome.oss-cn-hangzhou.aliyuncs.com/sns/avatar.png', 'follow_total': 0, 'fans_total': 2, 'feed_total': 0, 'post_total': 0, 'sign': '本宝宝暂时还没想到个性的签名', 'app': 0, 'is_follow': '0', 'gmt_add': '2018-11-20 10:50:57'}, {'user_id': 'U00042', 'nickname': 'A', 'avatar': 'http://rightinhome.oss-cn-hangzhou.aliyuncs.com/TestObjectFiles/headimages/15579665257280070020180918100308.jpeg', 'follow_total': 2, 'fans_total': 3, 'feed_total': 9, 'post_total': 1, 'sign': '本宝宝暂时还没想到个性的签名', 'app': 0, 'is_follow': '0', 'gmt_add': '2018-11-20 10:50:57'}, {'user_id': 'U00041', 'nickname': '澜渟官方', 'avatar': 'http://rightinhome.oss-cn-hangzhou.aliyuncs.com/TestObjectFiles/headimages/Xe0inUYP4Sfu3yBM9LOvTzZbsRNxDlqa/38025432243421455420181122093134.jpeg', 'follow_total': 1, 'fans_total': 1, 'feed_total': 1, 'post_total': 1, 'sign': '我在干什么', 'app': 0, 'is_follow': '0', 'gmt_add': '2018-11-20 10:50:57'}, {'user_id': 'U00040', 'nickname': '458690', 'avatar': 'http://rightinhome.oss-cn-hangzhou.aliyuncs.com/sns/avatar.png', 'follow_total': 0, 'fans_total': 3, 'feed_total': 0, 'post_total': 0, 'sign': '本宝宝暂时还没想到个性的签名', 'app': 0, 'is_follow': '0', 'gmt_add': '2018-11-20 10:50:56'}, {'user_id': 'U00020', 'nickname': '571_modify', 'avatar': 'http://rightinhome.oss-cn-hangzhou.aliyuncs.com/TestObjectFiles/headimages/vJpoLPsO791yKztNXbCSadBhnumVfQ5W/86543026753040762420181120152240.jpeg', 'follow_total': 4, 'fans_total': 4, 'feed_total': 3, 'post_total': 0, 'sign': '本宝宝暂时还没想到个性的签名', 'app': 0, 'is_follow': '0', 'gmt_add': '2018-11-20 10:20:37'}, {'user_id': 'U00039', 'nickname': '海兵大侠', 'avatar': 'http://rightinhome.oss-cn-hangzhou.aliyuncs.com/TestObjectFiles/headimages/45078147558385806420180601175829.png', 'follow_total': 0, 'fans_total': 1, 'feed_total': 0, 'post_total': 0, 'sign': '牛逼的人生不需要解释。', 'app': 0, 'is_follow': '0', 'gmt_add': '2018-11-20 10:50:56'}, {'user_id': 'U00038', 'nickname': 'JJ林俊杰', 'avatar': 'http://rightinhome.oss-cn-hangzhou.aliyuncs.com/TestObjectFiles/headimages/24161723707431818620180606205701.png', 'follow_total': 0, 'fans_total': 2, 'feed_total': 0, 'post_total': 0, 'sign': 'JFJProductions', 'app': 0, 'is_follow': '0', 'gmt_add': '2018-11-20 10:50:56'}, {'user_id': 'U00016', 'nickname': 'laysuns', 'avatar': 'http://rightinhome.oss-cn-hangzhou.aliyuncs.com/TestObjectFiles/headimages/15346057103708072720180601145534.png', 'follow_total': 2, 'fans_total': 3, 'feed_total': 5, 'post_total': 2, 'sign': 'revengers', 'app': 0, 'is_follow': '0', 'gmt_add': '2018-11-20 10:06:11'}]}}
[2019-01-04 10:59:02,581]- logger.py] - INFO: 获取用户全部的关注用户接口测试结束

[2019-01-04 10:59:02,646]- logger.py] - INFO: 开始测试我的信息接口
[2019-01-04 10:59:02,695]- logger.py] - INFO: 接口返回结果是：{'code': 200, 'note': '请求成功', 'data': {'user_id': 'U00014', 'follow_total': '6', 'fans_total': '3', 'feed_total': '0'}}
[2019-01-04 10:59:02,696]- logger.py] - INFO: 我的信息接口测试结束

[2019-01-04 10:59:02,778]- logger.py] - INFO: 开始测试用户的信息的接口
[2019-01-04 10:59:02,833]- logger.py] - INFO: 用户信息返回的结果是：{'code': 200, 'note': '请求成功', 'data': {'user_id': 'U00013', 'nickname': '张威霹雳威', 'avatar': 'http://rightinhome.oss-cn-hangzhou.aliyuncs.com/sns/avatar.png', 'follow_total': '3', 'fans_total': '2', 'feed_total': '1', 'post_total': '0', 'sign': '本宝宝暂时还没想到个性的签名', 'app': 0, 'is_follow': '0', 'gmt_add': '2018-11-20 10:01:04'}}
[2019-01-04 10:59:02,835]- logger.py] - INFO: 用户的信息的接口测试结束

[2019-01-04 10:59:05,442]- logger.py] - INFO: 开始测试绑定账号接口..
[2019-01-04 10:59:05,500]- logger.py] - INFO: 绑定支付宝返回：{'code': 200, 'note': '请求成功', 'data': {}}
[2019-01-04 10:59:05,501]- logger.py] - INFO: 绑定账号接口测试结束！

[2019-01-04 10:59:05,502]- logger.py] - INFO: 开始测试解除绑定账号接口..
[2019-01-04 10:59:05,539]- logger.py] - INFO: 解除绑定支付宝返回：{'code': 200, 'note': '请求成功', 'data': {}}
[2019-01-04 10:59:05,540]- logger.py] - INFO: 解除绑定账号接口测试结束！

[2019-01-04 10:59:05,624]- logger.py] - INFO: 开始测试商品列表接口...
[2019-01-04 10:59:05,674]- logger.py] - INFO: 商品列表返回：{'code': 200, 'note': '请求成功', 'data': {'is_last_page': '0', 'goodslist': [{'goods_code': 'G2018122799293', 'name': '呃呃呃', 'cover': 'http://rightinhome.oss-cn-hangzhou.aliyuncs.com/uploads/2018/12/27/d18ce5c585de944626f6dc2fa19d524a.png', 'price': '1', 'original_price': '20000', 'saled': '28', 'is_new': 1}, {'goods_code': 'G2018122680749', 'name': '12.27测试商品3号', 'cover': 'http://rightinhome.oss-cn-hangzhou.aliyuncs.com/uploads/2018/12/26/a1e98d1d3b22da11ba27bbe467746e4b.jpg', 'price': '2', 'original_price': '30000', 'saled': '200', 'is_new': 1}, {'goods_code': 'G2018122647895', 'name': '12.27测试商品2号', 'cover': 'http://rightinhome.oss-cn-hangzhou.aliyuncs.com/uploads/2018/12/26/a40bb5084de1b1b8692f96ccd9a66cdd.png', 'price': '2', 'original_price': '20000', 'saled': '203', 'is_new': 1}, {'goods_code': 'G2018122642788', 'name': '12.27测试商品1号', 'cover': 'http://rightinhome.oss-cn-hangzhou.aliyuncs.com/uploads/2018/12/26/329b814ef15b5750db5b69b98389a328.jpg', 'price': '1', 'original_price': '0', 'saled': '121', 'is_new': 1}, {'goods_code': 'G2018121441519', 'name': '盆底肌肉123', 'cover': 'http://rightinhome.oss-cn-hangzhou.aliyuncs.com/uploads/2018/12/14/611e7d00a9c57c3f79fed4fc78d521e2.jpg', 'price': '2', 'original_price': '100', 'saled': '63', 'is_new': 1}]}}
[2019-01-04 10:59:05,732]- logger.py] - INFO: 商品列表接口测试结束...

[2019-01-04 10:59:05,732]- logger.py] - INFO: 开始测试商品详情接口...
[2019-01-04 10:59:05,773]- logger.py] - INFO: G2018122799293商品详情返回：{'code': 200, 'note': '请求成功', 'data': {'goods_code': 'G2018122799293', 'name': '呃呃呃', 'mainimgs': ['http://rightinhome.oss-cn-hangzhou.aliyuncs.com/uploads/2018/12/27/929778921a0ef6b6f877b48f39abb94b.png'], 'contents': [], 'contentssize': [], 'goodstags': ['啊啊啊啊'], 'cash': [], 'services': [{'type': '3', 'name': '七天退换'}], 'price': '1', 'original_price': '20000', 'express_price': '1', 'saled': '28', 'is_new': 1, 'is_release': 1, 'is_value': 0, 'detail': '<p>的热烦人烦人烦人</p>\n', 'gmt_create': '2018-12-27 18:28:13', 'share_link': 'https://h5.sunnycare.cc/shop/G2018122799293'}}
[2019-01-04 10:59:05,856]- logger.py] - INFO: G2018122680749商品详情返回：{'code': 200, 'note': '请求成功', 'data': {'goods_code': 'G2018122680749', 'name': '12.27测试商品3号', 'mainimgs': ['http://rightinhome.oss-cn-hangzhou.aliyuncs.com/uploads/2018/12/26/d0277aa91eb374c3347e5dbd80ae6c20.jpg'], 'contents': ['http://rightinhome.oss-cn-hangzhou.aliyuncs.com/uploads/2018/12/26/d2a82f48c524270b657fee79e945bcf2.jpg'], 'contentssize': [{'width': '220', 'height': '110'}], 'goodstags': ['商品3号'], 'cash': [], 'services': [{'type': '1', 'name': '厂家直销'}, {'type': '2', 'name': '正品保障'}, {'type': '3', 'name': '七天退换'}], 'price': '2', 'original_price': '30000', 'express_price': '1', 'saled': '200', 'is_new': 1, 'is_release': 1, 'is_value': 0, 'detail': '<p>啊啊啊啊啊啊啊啊啊啊</p>\n', 'gmt_create': '2018-12-26 13:43:27', 'share_link': 'https://h5.sunnycare.cc/shop/G2018122680749'}}
[2019-01-04 10:59:06,047]- logger.py] - INFO: G2018122647895商品详情返回：{'code': 200, 'note': '请求成功', 'data': {'goods_code': 'G2018122647895', 'name': '12.27测试商品2号', 'mainimgs': ['http://rightinhome.oss-cn-hangzhou.aliyuncs.com/uploads/2018/12/26/6bbb888c9f1516a8868591a0a802e3cd.jpg'], 'contents': ['http://rightinhome.oss-cn-hangzhou.aliyuncs.com/uploads/2018/12/26/c4b3d02a59d0d931a80f059b1987b71b.jpg', 'http://rightinhome.oss-cn-hangzhou.aliyuncs.com/uploads/2018/12/26/c51806339b5fff4d6a79d24a71bde765.jpg'], 'contentssize': [{'width': '220', 'height': '220'}, {'width': '200', 'height': '107'}], 'goodstags': ['商品2号'], 'cash': [], 'services': [], 'price': '2', 'original_price': '20000', 'express_price': '1', 'saled': '203', 'is_new': 1, 'is_release': 1, 'is_value': 0, 'detail': '<p>呜呜呜呜呜呜</p>\n', 'gmt_create': '2018-12-26 13:35:20', 'share_link': 'https://h5.sunnycare.cc/shop/G2018122647895'}}
[2019-01-04 10:59:06,672]- logger.py] - INFO: G2018122642788商品详情返回：{'code': 200, 'note': '请求成功', 'data': {'goods_code': 'G2018122642788', 'name': '12.27测试商品1号', 'mainimgs': ['http://rightinhome.oss-cn-hangzhou.aliyuncs.com/uploads/2018/12/26/0e5032727138dbf2099fb9bd06666e08.png', 'http://rightinhome.oss-cn-hangzhou.aliyuncs.com/uploads/2018/12/26/fa10a78a0758a7a18bf32de657a32146.png', 'http://rightinhome.oss-cn-hangzhou.aliyuncs.com/uploads/2018/12/26/1fb0016ef988cc751569f2d8175d52f6.jpg', 'http://rightinhome.oss-cn-hangzhou.aliyuncs.com/uploads/2018/12/26/2b0846a7238ae6430e13b883e4b504e6.jpg'], 'contents': ['http://rightinhome.oss-cn-hangzhou.aliyuncs.com/uploads/2018/12/26/9bda3934fd7efc41fd419ebe9feb1e36.jpg', 'http://rightinhome.oss-cn-hangzhou.aliyuncs.com/uploads/2018/12/26/1d3f210ed0d1d1e89c10ae4da9a80380.png', 'http://rightinhome.oss-cn-hangzhou.aliyuncs.com/uploads/2018/12/26/f372430d22ea81d1c2dfce273a19f196.jpg'], 'contentssize': [{'width': '3968', 'height': '2976'}, {'width': '992', 'height': '744'}, {'width': '1280', 'height': '952'}], 'goodstags': ['2号商品', '1号商品'], 'cash': [], 'services': [{'type': '1', 'name': '厂家直销'}, {'type': '2', 'name': '正品保障'}, {'type': '3', 'name': '七天退换'}], 'price': '1', 'original_price': '0', 'express_price': '0', 'saled': '121', 'is_new': 1, 'is_release': 1, 'is_value': 0, 'detail': '<p>澜渟盆底肌肉康复器，俗称凯格尔球，适用于产后分娩后或阴道肌力下降的女性锻炼阴道肌肉，提高盆底肌肉收缩能力，缓解压力性尿失禁、阴道子宫等器官膨出或脱垂、慢性疼痛、便秘等症状</p>\n', 'gmt_create': '2018-12-26 13:29:25', 'share_link': 'https://h5.sunnycare.cc/shop/G2018122642788'}}
[2019-01-04 10:59:06,708]- logger.py] - INFO: G2018121441519商品详情返回：{'code': 200, 'note': '请求成功', 'data': {'goods_code': 'G2018121441519', 'name': '盆底肌肉123', 'mainimgs': ['http://rightinhome.oss-cn-hangzhou.aliyuncs.com/uploads/2018/12/14/035b03c87f31f8ae198e172ba658e97c.png'], 'contents': [], 'contentssize': [], 'goodstags': ['0990'], 'cash': [], 'services': [{'type': '1', 'name': '厂家直销'}, {'type': '2', 'name': '正品保障'}, {'type': '3', 'name': '七天退换'}], 'price': '2', 'original_price': '100', 'express_price': '0', 'saled': '63', 'is_new': 1, 'is_release': 1, 'is_value': 0, 'detail': '<p>大无畏</p>\n', 'gmt_create': '2018-12-14 16:59:58', 'share_link': 'https://h5.sunnycare.cc/shop/G2018121441519'}}
[2019-01-04 10:59:06,718]- logger.py] - INFO: 商品详情接口测试结束！

[2019-01-04 10:59:06,792]- logger.py] - INFO: 订单列表接口测试开始...
[2019-01-04 10:59:06,852]- logger.py] - INFO: 订单列表返回：{'code': 200, 'note': '请求成功', 'data': {'is_last_page': '0', 'ordercount': '36', 'list': [{'order_code': '2019010410103512010125460', 'product_code': 'G2018122799293', 'product_name': '呃呃呃', 'product_count': 1, 'product_image': 'http://rightinhome.oss-cn-hangzhou.aliyuncs.com/uploads/2018/12/27/929778921a0ef6b6f877b48f39abb94b.png', 'product_price': '1.00', 'origin_price': '1.00', 'product_tag': '啊啊啊啊', 'payment_amount': '2.00', 'remiss_cash': '0', 'express_price': '1', 'express_status': '待发货'}, {'order_code': '2018110907043912010194875', 'product_code': 'G2018110350833', 'product_name': '盆底生物刺激反馈仪-嘉年华', 'product_count': 1, 'product_image': 'http://rightinhome.oss-cn-hangzhou.aliyuncs.com/uploads/2018/11/03/72122edb02442b787387c3569af4ee4b.jpg', 'product_price': '0.00', 'origin_price': '0.00', 'product_tag': 'MLD\u3000H3S（粉色）', 'payment_amount': '1.00', 'remiss_cash': '0', 'express_price': '1', 'express_status': '待发货'}, {'order_code': '2018102305553912010345633', 'product_code': 'G2018091921131', 'product_name': '盆底肌肉康复器  -  在线商城  -  殷俊测试（删除剁脚）', 'product_count': 1, 'product_image': 'http://rightinhome.oss-cn-hangzhou.aliyuncs.com/uploads/2018/09/19/e028f43f85def0721b229be92d61e395.png', 'product_price': '1.00', 'origin_price': '50000.00', 'product_tag': '', 'payment_amount': '2.00', 'remiss_cash': '49999', 'express_price': '1', 'express_status': '待发货'}, {'order_code': '2018101707314112010125436', 'product_code': 'G2018101758335', 'product_name': '杨雪10.17商品', 'product_count': 1, 'product_image': 'http://rightinhome.oss-cn-hangzhou.aliyuncs.com/uploads/2018/10/17/bd2ff67c660ab8cbcc4da7b53cb3a9a1.jpg', 'product_price': '5.00', 'origin_price': '5.00', 'product_tag': '付费', 'payment_amount': '5.00', 'remiss_cash': '0', 'express_price': '0', 'express_status': '已完成'}, {'order_code': '2018101702474812040356858', 'product_code': 'G2018091927094', 'product_name': '生物刺激反馈仪  -  在线商城  -  殷俊测试（删了剁手）', 'product_count': 1, 'product_image': 'http://rightinhome.oss-cn-hangzhou.aliyuncs.com/uploads/2018/09/19/6b671bf88a7ea0e2a9c15e5850110198.png', 'product_price': '0.00', 'origin_price': '15.00', 'product_tag': '', 'payment_amount': '0.00', 'remiss_cash': '900', 'express_price': '10', 'express_status': '待发货'}]}}
[2019-01-04 10:59:06,892]- logger.py] - INFO: 订单列表接口测试结束！

[2019-01-04 10:59:06,892]- logger.py] - INFO: 开始测试订单详情接口...
[2019-01-04 10:59:06,929]- logger.py] - INFO: 2018110907043912010194875 订单详情返回：{'code': 200, 'note': '请求成功', 'data': {'order_code': '2018110907043912010194875', 'product_code': 'G2018110350833', 'product_name': '盆底生物刺激反馈仪-嘉年华', 'product_count': 1, 'product_image': 'http://rightinhome.oss-cn-hangzhou.aliyuncs.com/uploads/2018/11/03/72122edb02442b787387c3569af4ee4b.jpg', 'origin_price': '0.00', 'price_count': '0', 'remiss_cash': '0', 'coupon_cash': '0', 'express_price': '1', 'payment_amount': '1.00', 'product_tag': 'MLD\u3000H3S（粉色）', 'express_status': 0, 'express_name': '', 'express_no': '', 'express_sendtime': '', 'express_finishtime': '', 'recipient_name': '徐光辉4', 'recipient_phone': '15651797525', 'recipient_address': '天津县宁河县说的方法 娃的三大烦烦烦烦烦烦烦烦烦烦烦烦烦烦333333333333', 'order_time': '2018-11-09 19:04:39', 'payment_method': 1, 'payment_time': '2018-11-09 19:04:45', 'remark': '', 'inv_status': 0, 'inv_code': '', 'inv_link': 'https://h5.sunnycare.cc/inv/rules'}}
[2019-01-04 10:59:06,961]- logger.py] - INFO: 2018102305553912010345633 订单详情返回：{'code': 200, 'note': '请求成功', 'data': {'order_code': '2018102305553912010345633', 'product_code': 'G2018091921131', 'product_name': '盆底肌肉康复器  -  在线商城  -  殷俊测试（删除剁脚）', 'product_count': 1, 'product_image': 'http://rightinhome.oss-cn-hangzhou.aliyuncs.com/uploads/2018/09/19/e028f43f85def0721b229be92d61e395.png', 'origin_price': '50000.00', 'price_count': '50000', 'remiss_cash': '49999', 'coupon_cash': '0', 'express_price': '1', 'payment_amount': '2.00', 'product_tag': '', 'express_status': 0, 'express_name': '', 'express_no': '', 'express_sendtime': '', 'express_finishtime': '', 'recipient_name': 'xxyy', 'recipient_phone': '15651797525', 'recipient_address': '辽宁大连市西岗区说的方法', 'order_time': '2018-10-23 17:55:39', 'payment_method': 1, 'payment_time': '2018-10-23 17:56:31', 'remark': '', 'inv_status': 2, 'inv_code': '', 'inv_link': 'https://h5.sunnycare.cc/inv/rules'}}
[2019-01-04 10:59:06,998]- logger.py] - INFO: 2018101707314112010125436 订单详情返回：{'code': 200, 'note': '请求成功', 'data': {'order_code': '2018101707314112010125436', 'product_code': 'G2018101758335', 'product_name': '杨雪10.17商品', 'product_count': 1, 'product_image': 'http://rightinhome.oss-cn-hangzhou.aliyuncs.com/uploads/2018/10/17/bd2ff67c660ab8cbcc4da7b53cb3a9a1.jpg', 'origin_price': '5.00', 'price_count': '5', 'remiss_cash': '0', 'coupon_cash': '0', 'express_price': '0', 'payment_amount': '5.00', 'product_tag': '付费', 'express_status': 2, 'express_name': '11', 'express_no': '22', 'express_sendtime': '2018-10-17 19:32:32', 'express_finishtime': '2018-10-17 19:32:34', 'recipient_name': 'xxyy', 'recipient_phone': '15651797525', 'recipient_address': '辽宁大连市西岗区\n说的方法', 'order_time': '2018-10-17 19:31:41', 'payment_method': 1, 'payment_time': '2018-10-17 19:31:46', 'remark': '', 'inv_status': 1, 'inv_code': '70661B4888BE622E792D5A4244A430B6', 'inv_link': 'https://h5.sunnycare.cc/inv/rules'}}
[2019-01-04 10:59:07,039]- logger.py] - INFO: 2018101702474812040356858 订单详情返回：{'code': 200, 'note': '请求成功', 'data': {'order_code': '2018101702474812040356858', 'product_code': 'G2018091927094', 'product_name': '生物刺激反馈仪  -  在线商城  -  殷俊测试（删了剁手）', 'product_count': 1, 'product_image': 'http://rightinhome.oss-cn-hangzhou.aliyuncs.com/uploads/2018/09/19/6b671bf88a7ea0e2a9c15e5850110198.png', 'origin_price': '15.00', 'price_count': '15', 'remiss_cash': '900', 'coupon_cash': '0', 'express_price': '10', 'payment_amount': '0.00', 'product_tag': '', 'express_status': 0, 'express_name': '', 'express_no': '', 'express_sendtime': '', 'express_finishtime': '', 'recipient_name': '', 'recipient_phone': '', 'recipient_address': '辽宁大连市西岗区说的方法', 'order_time': '2018-10-17 14:47:48', 'payment_method': 4, 'payment_time': '2018-10-17 14:47:48', 'remark': '', 'inv_status': 2, 'inv_code': '', 'inv_link': 'https://h5.sunnycare.cc/inv/rules'}}
[2019-01-04 10:59:07,077]- logger.py] - INFO: 2018101702474812040359255 订单详情返回：{'code': 200, 'note': '请求成功', 'data': {'order_code': '2018101702474812040359255', 'product_code': 'G2018091927094', 'product_name': '生物刺激反馈仪  -  在线商城  -  殷俊测试（删了剁手）', 'product_count': 1, 'product_image': 'http://rightinhome.oss-cn-hangzhou.aliyuncs.com/uploads/2018/09/19/6b671bf88a7ea0e2a9c15e5850110198.png', 'origin_price': '15.00', 'price_count': '15', 'remiss_cash': '900', 'coupon_cash': '0', 'express_price': '10', 'payment_amount': '0.00', 'product_tag': '', 'express_status': 0, 'express_name': '', 'express_no': '', 'express_sendtime': '', 'express_finishtime': '', 'recipient_name': '', 'recipient_phone': '', 'recipient_address': '辽宁大连市西岗区说的方法', 'order_time': '2018-10-17 14:47:48', 'payment_method': 4, 'payment_time': '2018-10-17 14:47:48', 'remark': '', 'inv_status': 2, 'inv_code': '', 'inv_link': 'https://h5.sunnycare.cc/inv/rules'}}
[2019-01-04 10:59:07,080]- logger.py] - INFO: 订单详情接口测试结束！

[2019-01-04 10:59:07,160]- logger.py] - INFO: 开始测试获取推广大使信息接口..
[2019-01-04 10:59:07,216]- logger.py] - INFO: 获取推广大使返回：{'code': 200, 'note': '请求成功', 'data': {'has_level': '0', 'referral_code': 'D876YE', 'level_name': '', 'level_cover': '', 'level_rule_name': '', 'is_second_on': '0', 'can_bind_reg': '0', 'protocol_link': 'https://h5.sunnycare.cc/level/rules/LT_NORMAL', 'default_rule_name': 'LT_NORMAL', 'channel_status': '-1'}}
[2019-01-04 10:59:07,216]- logger.py] - INFO: 推广大使信息接口测试结束！

[2019-01-04 10:59:07,217]- logger.py] - INFO: 开始测试推广活动列表接口..
[2019-01-04 10:59:07,251]- logger.py] - INFO: 活动列表返回：{'code': 200, 'note': '请求成功', 'data': {'is_last': '1', 'list': [{'promotion_code': 'P2018110372383', 'promotion_name': '澜渟全球嘉年华', 'promotion_short_name': '', 'promotion_cover': 'http://rightinhome.oss-cn-hangzhou.aliyuncs.com/uploads/2018/11/03/91070fa826e617072f5439db1930db68.png', 'type': '0', 'is_join': '0', 'status': '2'}, {'promotion_code': 'P2018110156385', 'promotion_name': '11.1活动', 'promotion_short_name': '', 'promotion_cover': 'http://rightinhome.oss-cn-hangzhou.aliyuncs.com/uploads/2018/11/01/c600badf87a07ce381daa9c2084600cf.jpg', 'type': '0', 'is_join': '0', 'status': '1'}, {'promotion_code': 'P2018092021140', 'promotion_name': '1141', 'promotion_short_name': '', 'promotion_cover': 'http://rightinhome.oss-cn-hangzhou.aliyuncs.com/uploads/2018/10/17/a3cc67aaf2dc5a37a3d539a03d915eec.jpg', 'type': '0', 'is_join': '0', 'status': '2'}]}}
[2019-01-04 10:59:07,272]- logger.py] - INFO: 推广活动列表接口测试结束！

[2019-01-04 10:59:07,272]- logger.py] - INFO: 开始测试推广活动详情接口..
[2019-01-04 10:59:07,302]- logger.py] - INFO: 活动详情返回：{'code': 203, 'note': '不是推广大使', 'data': []}
[2019-01-04 10:59:07,303]- logger.py] - INFO: 测试推广活动详情接口结束..

[2019-01-04 10:59:07,303]- logger.py] - INFO: 开始测试推广活动收入明细..
[2019-01-04 10:59:07,339]- logger.py] - INFO: P2018110372383明细返回的结果是{'code': 200, 'note': '请求成功', 'data': {'promotion_rule_link': 'https://h5.sunnycare.cc/promotion/rules/P2018110372383', 'is_last': '1', 'total_item': '0', 'total_cash': '', 'list': []}}:
[2019-01-04 10:59:07,373]- logger.py] - INFO: P2018110156385明细返回的结果是{'code': 200, 'note': '请求成功', 'data': {'promotion_rule_link': 'https://h5.sunnycare.cc/promotion/rules/P2018110156385', 'is_last': '1', 'total_item': '0', 'total_cash': '', 'list': []}}:
[2019-01-04 10:59:07,407]- logger.py] - INFO: P2018092021140明细返回的结果是{'code': 200, 'note': '请求成功', 'data': {'promotion_rule_link': 'https://h5.sunnycare.cc/promotion/rules/P2018092021140', 'is_last': '1', 'total_item': '0', 'total_cash': '', 'list': []}}:
[2019-01-04 10:59:07,408]- logger.py] - INFO: 推广活动收入明细接口测试结束！

[2019-01-04 10:59:07,474]- logger.py] - INFO: 开始测试收支明细接口..
[2019-01-04 10:59:07,524]- logger.py] - INFO: 收支明细返回：{'code': 200, 'note': '请求成功', 'data': {'is_last': '0', 'list': [{'remark': '推广收益', 'type': '2', 'cash': '1000', 'date': '2018-11-01 20:03:01'}, {'remark': '推广收益', 'type': '2', 'cash': '20000', 'date': '2018-11-01 20:03:01'}, {'remark': '推广收益', 'type': '2', 'cash': '10000', 'date': '2018-11-01 20:03:01'}, {'remark': '推广收益', 'type': '2', 'cash': '1000', 'date': '2018-11-01 20:03:01'}, {'remark': '推广收益', 'type': '2', 'cash': '1000', 'date': '2018-11-01 20:03:01'}, {'remark': '推广收益', 'type': '2', 'cash': '5000', 'date': '2018-11-01 20:03:01'}, {'remark': '推广收益', 'type': '2', 'cash': '1', 'date': '2018-11-01 20:03:01'}, {'remark': '推广收益', 'type': '2', 'cash': '5000', 'date': '2018-11-01 20:03:01'}, {'remark': '推广收益', 'type': '2', 'cash': '500', 'date': '2018-11-01 20:03:01'}, {'remark': '推广收益', 'type': '2', 'cash': '5000', 'date': '2018-11-01 20:03:01'}]}}
[2019-01-04 10:59:07,525]- logger.py] - INFO: 收支明细接口测试结束！

[2019-01-04 10:59:07,525]- logger.py] - INFO: 开始测试提现记录接口..
[2019-01-04 10:59:07,557]- logger.py] - INFO: 提现记录返回：{'code': 200, 'note': '请求成功', 'data': {'is_last': '0', 'list': [{'title': '通过', 'cash': '100', 'status': '1', 'remark': '提现成功', 'date': '2018-10-22 17:51:01'}, {'title': '驳回', 'cash': '100', 'status': '2', 'remark': '证书出错，请登录微信支付商户平台下载证书', 'date': '2018-10-17 15:07:00'}]}}
[2019-01-04 10:59:07,558]- logger.py] - INFO: 提现记录接口测试结束..
